Added Component: Designator=P1(HDR1X4)
Add component (AddParameter): Name = "LatestRevisionDate"; Value = "17-Jul-2002"; VariantName = "[No Variations]"
Add component (AddParameter): Name = "LatestRevisionNote"; Value = "Re-released for DXP Platform."; VariantName = "[No Variations]"
Add component (AddParameter): Name = "Publisher"; Value = "Altium Limited"; VariantName = "[No Variations]"
Added Component: Designator=P2(HDR1X4)
Add component (AddParameter): Name = "LatestRevisionDate"; Value = "17-Jul-2002"; VariantName = "[No Variations]"
Add component (AddParameter): Name = "LatestRevisionNote"; Value = "Re-released for DXP Platform."; VariantName = "[No Variations]"
Add component (AddParameter): Name = "Publisher"; Value = "Altium Limited"; VariantName = "[No Variations]"
Added Component: Designator=U1(TDSON-8)
Added Pin To Net: NetName=NetP1_1 Pin=P1-1
Added Pin To Net: NetName=NetP1_2 Pin=P1-2
Added Pin To Net: NetName=NetP1_3 Pin=P1-3
Added Pin To Net: NetName=NetP1_4 Pin=P1-4
Added Pin To Net: NetName=NetP2_1 Pin=P2-1
Added Pin To Net: NetName=NetP2_1 Pin=P2-2
Added Pin To Net: NetName=NetP2_1 Pin=P2-3
Added Pin To Net: NetName=NetP2_1 Pin=P2-4
Added Pin To Net: NetName=NetP1_1 Pin=U1-1
Added Pin To Net: NetName=NetP1_2 Pin=U1-2
Added Pin To Net: NetName=NetP1_3 Pin=U1-3
Added Pin To Net: NetName=NetP1_4 Pin=U1-4
Added Pin To Net: NetName=NetP2_1 Pin=U1-5
Added Pin To Net: NetName=NetP2_1 Pin=U1-6
Added Pin To Net: NetName=NetP2_1 Pin=U1-7
Added Pin To Net: NetName=NetP2_1 Pin=U1-8
Added Pin To Net: NetName=NetP2_1 Pin=U1-9
Added Pin To Net: NetName=NetIC1_12 Pin=IC1-12
Added Pin To Net: NetName=NetIC1_12 Pin=P22-1
Added Net: Name=NetIC1_12
Added Pin To Net: NetName=NetIC1_13 Pin=IC1-13
Added Pin To Net: NetName=NetIC1_13 Pin=P22-2
Added Net: Name=NetIC1_13
Added Pin To Net: NetName=NetIC1_14 Pin=IC1-14
Added Pin To Net: NetName=NetIC1_14 Pin=P22-3
Added Net: Name=NetIC1_14
Added Pin To Net: NetName=NetIC1_15 Pin=IC1-15
Added Pin To Net: NetName=NetIC1_15 Pin=P22-4
Added Net: Name=NetIC1_15
Added Pin To Net: NetName=NetIC1_16 Pin=IC1-16
Added Pin To Net: NetName=NetIC1_16 Pin=P22-5
Added Net: Name=NetIC1_16
Added Pin To Net: NetName=NetIC1_17 Pin=IC1-17
Added Pin To Net: NetName=NetIC1_17 Pin=P22-8
Added Net: Name=NetIC1_17
Added Pin To Net: NetName=NetIC1_18 Pin=IC1-18
Added Pin To Net: NetName=NetIC1_18 Pin=P22-9
Added Net: Name=NetIC1_18
Added Pin To Net: NetName=NetIC1_19 Pin=IC1-19
Added Pin To Net: NetName=NetIC1_19 Pin=P22-10
Added Net: Name=NetIC1_19
Added Pin To Net: NetName=NetIC1_20 Pin=IC1-20
Added Pin To Net: NetName=NetIC1_20 Pin=P22-7
Added Net: Name=NetIC1_20
Added Pin To Net: NetName=NetIC1_21 Pin=IC1-21
Added Pin To Net: NetName=NetIC1_21 Pin=P22-6
Added Net: Name=NetIC1_21
Added Member To Class: ClassName=BSC0802BOB Member=Component P1 Header 4
Added Member To Class: ClassName=BSC0802BOB Member=Component P2 Header 4
Added Member To Class: ClassName=BSC0802BOB Member=Component U1 BSC0802LS
Added Room: Name=BSC0802BOB
