Added Component: Designator=P1(HDR1X11)
Add component (AddParameter): Name = "LatestRevisionDate"; Value = "17-Jul-2002"; VariantName = "[No Variations]"
Add component (AddParameter): Name = "LatestRevisionNote"; Value = "Re-released for DXP Platform."; VariantName = "[No Variations]"
Add component (AddParameter): Name = "Publisher"; Value = "Altium Limited"; VariantName = "[No Variations]"
Added Component: Designator=P1(HDR1X4)
Add component (AddParameter): Name = "LatestRevisionDate"; Value = "17-Jul-2002"; VariantName = "[No Variations]"
Add component (AddParameter): Name = "LatestRevisionNote"; Value = "Re-released for DXP Platform."; VariantName = "[No Variations]"
Add component (AddParameter): Name = "Publisher"; Value = "Altium Limited"; VariantName = "[No Variations]"
Added Component: Designator=P2(HDR1X11)
Add component (AddParameter): Name = "LatestRevisionDate"; Value = "17-Jul-2002"; VariantName = "[No Variations]"
Add component (AddParameter): Name = "LatestRevisionNote"; Value = "Re-released for DXP Platform."; VariantName = "[No Variations]"
Add component (AddParameter): Name = "Publisher"; Value = "Altium Limited"; VariantName = "[No Variations]"
Added Component: Designator=P2(HDR1X4)
Add component (AddParameter): Name = "LatestRevisionDate"; Value = "17-Jul-2002"; VariantName = "[No Variations]"
Add component (AddParameter): Name = "LatestRevisionNote"; Value = "Re-released for DXP Platform."; VariantName = "[No Variations]"
Add component (AddParameter): Name = "Publisher"; Value = "Altium Limited"; VariantName = "[No Variations]"
Added Component: Designator=U1(TDSON-8)
Added Pin To Net: NetName=NetIC1_1 Pin=P1-1
Added Net: Name=NetIC1_1
Added Pin To Net: NetName=NetIC1_2 Pin=P1-2
Added Net: Name=NetIC1_2
Added Pin To Net: NetName=NetIC1_3 Pin=P1-3
Added Net: Name=NetIC1_3
Added Pin To Net: NetName=NetIC1_4 Pin=P1-4
Added Net: Name=NetIC1_4
Added Pin To Net: NetName=NetIC1_5 Pin=P1-5
Added Net: Name=NetIC1_5
Added Pin To Net: NetName=NetIC1_6 Pin=P1-6
Added Net: Name=NetIC1_6
Added Pin To Net: NetName=NetIC1_7 Pin=P1-7
Added Net: Name=NetIC1_7
Added Pin To Net: NetName=NetIC1_8 Pin=P1-8
Added Net: Name=NetIC1_8
Added Pin To Net: NetName=NetIC1_9 Pin=P1-9
Added Net: Name=NetIC1_9
Added Pin To Net: NetName=NetIC1_10 Pin=P1-10
Added Net: Name=NetIC1_10
Added Pin To Net: NetName=NetIC1_11 Pin=P1-11
Added Net: Name=NetIC1_11
Added Pin To Net: NetName=NetIC1_12 Pin=P2-1
Added Net: Name=NetIC1_12
Added Pin To Net: NetName=NetIC1_13 Pin=P2-2
Added Net: Name=NetIC1_13
Added Pin To Net: NetName=NetIC1_14 Pin=P2-3
Added Net: Name=NetIC1_14
Added Pin To Net: NetName=NetIC1_15 Pin=P2-4
Added Net: Name=NetIC1_15
Added Pin To Net: NetName=NetIC1_16 Pin=P2-5
Added Net: Name=NetIC1_16
Added Pin To Net: NetName=NetIC1_17 Pin=P2-6
Added Net: Name=NetIC1_17
Added Pin To Net: NetName=NetIC1_18 Pin=P2-7
Added Net: Name=NetIC1_18
Added Pin To Net: NetName=NetIC1_19 Pin=P2-8
Added Net: Name=NetIC1_19
Added Pin To Net: NetName=NetIC1_20 Pin=P2-9
Added Net: Name=NetIC1_20
Added Pin To Net: NetName=NetIC1_21 Pin=P2-10
Added Net: Name=NetIC1_21
Added Pin To Net: NetName=NetP1_1 Pin=P1-1
Added Pin To Net: NetName=NetP1_1 Pin=U1-1
Added Net: Name=NetP1_1
Added Pin To Net: NetName=NetP1_2 Pin=P1-2
Added Pin To Net: NetName=NetP1_2 Pin=U1-2
Added Net: Name=NetP1_2
Added Pin To Net: NetName=NetP1_3 Pin=P1-3
Added Pin To Net: NetName=NetP1_3 Pin=U1-3
Added Net: Name=NetP1_3
Added Pin To Net: NetName=NetP1_4 Pin=P1-4
Added Pin To Net: NetName=NetP1_4 Pin=U1-4
Added Net: Name=NetP1_4
Added Pin To Net: NetName=NetP2_1 Pin=P2-1
Added Pin To Net: NetName=NetP2_1 Pin=P2-2
Added Pin To Net: NetName=NetP2_1 Pin=P2-3
Added Pin To Net: NetName=NetP2_1 Pin=P2-4
Added Pin To Net: NetName=NetP2_1 Pin=U1-5
Added Pin To Net: NetName=NetP2_1 Pin=U1-6
Added Pin To Net: NetName=NetP2_1 Pin=U1-7
Added Pin To Net: NetName=NetP2_1 Pin=U1-8
Added Pin To Net: NetName=NetP2_1 Pin=U1-9
Added Net: Name=NetP2_1
Added Class: Name=BSC0802BOB
Added Class: Name=LMG1210BOB
Added Room: Name=BSC0802BOB
Added Room: Name=LMG1210BOB
