Added Component: Designator=P1(HDR1X4)
Add component (AddParameter): Name = "LatestRevisionDate"; Value = "17-Jul-2002"; VariantName = "[No Variations]"
Add component (AddParameter): Name = "LatestRevisionNote"; Value = "Re-released for DXP Platform."; VariantName = "[No Variations]"
Add component (AddParameter): Name = "Publisher"; Value = "Altium Limited"; VariantName = "[No Variations]"
Added Component: Designator=P2(HDR1X4)
Add component (AddParameter): Name = "LatestRevisionDate"; Value = "17-Jul-2002"; VariantName = "[No Variations]"
Add component (AddParameter): Name = "LatestRevisionNote"; Value = "Re-released for DXP Platform."; VariantName = "[No Variations]"
Add component (AddParameter): Name = "Publisher"; Value = "Altium Limited"; VariantName = "[No Variations]"
Added Component: Designator=U1(TDSON-8)
Added Pin To Net: NetName=NetP1_1 Pin=P1-1
Added Pin To Net: NetName=NetP1_2 Pin=P1-2
Added Pin To Net: NetName=NetP1_3 Pin=P1-3
Added Pin To Net: NetName=NetP1_4 Pin=P1-4
Added Pin To Net: NetName=NetP2_1 Pin=P2-1
Added Pin To Net: NetName=NetP2_1 Pin=P2-2
Added Pin To Net: NetName=NetP2_1 Pin=P2-3
Added Pin To Net: NetName=NetP2_1 Pin=P2-4
Added Pin To Net: NetName=NetP1_1 Pin=U1-1
Added Pin To Net: NetName=NetP1_2 Pin=U1-2
Added Pin To Net: NetName=NetP1_3 Pin=U1-3
Added Pin To Net: NetName=NetP1_4 Pin=U1-4
Added Pin To Net: NetName=NetP2_1 Pin=U1-5
Added Pin To Net: NetName=NetP2_1 Pin=U1-6
Added Pin To Net: NetName=NetP2_1 Pin=U1-7
Added Pin To Net: NetName=NetP2_1 Pin=U1-8
Added Pin To Net: NetName=NetP2_1 Pin=U1-9
Added Member To Class: ClassName=BSC0802BOB Member=Component P1 Header 4
Added Member To Class: ClassName=BSC0802BOB Member=Component P2 Header 4
Added Member To Class: ClassName=BSC0802BOB Member=Component U1 BSC0802LS
Added Room: Name=BSC0802BOB
Added Room: Name=LMG1210BOB
