Removed Pin From Net: NetName=NetIC11_2 Pin=MCU1-59
Change Component Footprint: Designator=XC1 Old Footprint=ABM8W240000MHZ8B1UT3 New Footprint=ABM8W160000MHZ8B1UT3
Change Component Comment : Designator=XC1 Old Comment=ABM8W-24.0000MHZ-8-B1U-T3 New Comment=ABM8W-16.0000MHZ-8-B1U-T3
Change Component Designator: OldDesignator=XC1 NewDesignator=Y1
Change component parameters: Designator = "XC1" ("Y1"); Footprint = "ABM8W240000MHZ8B1UT3"; UniqueID = "\UGLKXJGP" ("\UGLKXJGP")
Change component parameters (AddParameter): Name = "Arrow Part Number"; Value = "ABM8W-16.0000MHZ-8-B1U-T3"; VariantName = "[No Variations]"
Change component parameters (AddParameter): Name = "Arrow Price/Stock"; Value = "https://www.arrow.com/en/products/abm8w-16.0000mhz-8-b1u-t3/abracon"; VariantName = "[No Variations]"
Change component parameters (AddParameter): Name = "Datasheet Link"; Value = "https://abracon.com/Resonators/ABM8W.pdf"; VariantName = "[No Variations]"
Change component parameters (AddParameter): Name = "Height"; Value = "0.75mm"; VariantName = "[No Variations]"
Change component parameters (AddParameter): Name = "Manufacturer_Name"; Value = "ABRACON"; VariantName = "[No Variations]"
Change component parameters (AddParameter): Name = "Manufacturer_Part_Number"; Value = "ABM8W-16.0000MHZ-8-B1U-T3"; VariantName = "[No Variations]"
Change component parameters (AddParameter): Name = "Mouser Part Number"; Value = "815-8W16-8B1UT"; VariantName = "[No Variations]"
Change component parameters (AddParameter): Name = "Mouser Price/Stock"; Value = "https://www.mouser.co.uk/ProductDetail/ABRACON/ABM8W-160000MHZ-8-B1U-T3?qs=5aG0NVq1C4zuwTHNFUIcqw%3D%3D"; VariantName = "[No Variations]"
Added Component: Designator=Y?(R38)
Add component (AddParameter): Name = "LatestRevisionDate"; Value = "17-Jul-2002"; VariantName = "[No Variations]"
Add component (AddParameter): Name = "LatestRevisionNote"; Value = "Re-released for DXP Platform."; VariantName = "[No Variations]"
Add component (AddParameter): Name = "PackageDescription"; Value = "Crystal, Thru-Hole; 2 Leads; Body 3.1 x 8.2 mm (Dia.xH)"; VariantName = "[No Variations]"
Add component (AddParameter): Name = "PackageReference"; Value = "R38"; VariantName = "[No Variations]"
Add component (AddParameter): Name = "Published"; Value = "8-Jun-2000"; VariantName = "[No Variations]"
Add component (AddParameter): Name = "Publisher"; Value = "Altium Limited"; VariantName = "[No Variations]"
Added Pin To Net: NetName=NetIC11_2 Pin=MCU1-35
Added Member To Class: ClassName=RcMPPT-MCU Member=Component Y? XTAL
