Added Component: Designator=C26(CAPC3225X270N)
Add component (AddParameter): Name = "Arrow Part Number"; Value = "GRM32EC72A106KE05L"; VariantName = "[No Variations]"
Add component (AddParameter): Name = "Arrow Price/Stock"; Value = "https://www.arrow.com/en/products/grm32ec72a106ke05l/murata-manufacturing"; VariantName = "[No Variations]"
Add component (AddParameter): Name = "Datasheet Link"; Value = "http://psearch.en.murata.com/capacitor/product/GRM32ER71E226KE15%23.pdf"; VariantName = "[No Variations]"
Add component (AddParameter): Name = "Height"; Value = "2.7mm"; VariantName = "[No Variations]"
Add component (AddParameter): Name = "Manufacturer_Name"; Value = "Murata Electronics"; VariantName = "[No Variations]"
Add component (AddParameter): Name = "Manufacturer_Part_Number"; Value = "GRM32EC72A106KE05L"; VariantName = "[No Variations]"
Add component (AddParameter): Name = "Mouser Part Number"; Value = "81-GRM32EC72A106KE05"; VariantName = "[No Variations]"
Add component (AddParameter): Name = "Mouser Price/Stock"; Value = "https://www.mouser.co.uk/ProductDetail/Murata-Electronics/GRM32EC72A106KE05L?qs=5aG0NVq1C4yOgpL0%2FICNsw%3D%3D"; VariantName = "[No Variations]"
Added Component: Designator=C29(CAPC3225X270N)
Add component (AddParameter): Name = "Arrow Part Number"; Value = "GRM32EC72A106KE05L"; VariantName = "[No Variations]"
Add component (AddParameter): Name = "Arrow Price/Stock"; Value = "https://www.arrow.com/en/products/grm32ec72a106ke05l/murata-manufacturing"; VariantName = "[No Variations]"
Add component (AddParameter): Name = "Datasheet Link"; Value = "http://psearch.en.murata.com/capacitor/product/GRM32ER71E226KE15%23.pdf"; VariantName = "[No Variations]"
Add component (AddParameter): Name = "Height"; Value = "2.7mm"; VariantName = "[No Variations]"
Add component (AddParameter): Name = "Manufacturer_Name"; Value = "Murata Electronics"; VariantName = "[No Variations]"
Add component (AddParameter): Name = "Manufacturer_Part_Number"; Value = "GRM32EC72A106KE05L"; VariantName = "[No Variations]"
Add component (AddParameter): Name = "Mouser Part Number"; Value = "81-GRM32EC72A106KE05"; VariantName = "[No Variations]"
Add component (AddParameter): Name = "Mouser Price/Stock"; Value = "https://www.mouser.co.uk/ProductDetail/Murata-Electronics/GRM32EC72A106KE05L?qs=5aG0NVq1C4yOgpL0%2FICNsw%3D%3D"; VariantName = "[No Variations]"
Added Pin To Net: NetName=NetC27_1 Pin=C26-1
Added Pin To Net: NetName=PGND Pin=C26-2
Added Pin To Net: NetName=NetC28_1 Pin=C29-1
Added Pin To Net: NetName=PGND Pin=C29-2
Change Net Name : Old Net Name=NetC27_1 New Net Name=NetC26_1
Added Member To Class: ClassName=RcMPPT-DCDC Member=Component C26 GRM32EC72A106KE05L
Added Member To Class: ClassName=RcMPPT-DCDC Member=Component C29 GRM32EC72A106KE05L
Added Member To Class: ClassName=RcMPPT-DCDC Member=Component R11 WSK1216L5000FEA
