Removed Pin From Net: NetName=NetC35_2 Pin=C35-2
Removed Pin From Net: NetName=NetC36_2 Pin=C36-2
Removed Pin From Net: NetName=NetIC9_1 Pin=R9-1
Change Component Comment : Designator=R9 Old Comment=3k3 New Comment=100R
Change Component Comment : Designator=R10 Old Comment=3k3 New Comment=100R
Change Component Comment : Designator=C35 Old Comment=06033A251JAT2A New Comment=1nF
Change Component Comment : Designator=C36 Old Comment=06033A251JAT2A New Comment=1nF
Change Component Comment : Designator=C37 Old Comment=06033A251JAT2A New Comment=1nF
Change Component Comment : Designator=C38 Old Comment=06033A251JAT2A New Comment=1nF
Change component parameters: Designator = "C35" ("C35"); Footprint = "CAPC1608X90N"; UniqueID = "\QLAGCNSO" ("\QLAGCNSO")
Change component parameters (AddParameter): Name = "Arrow Part Number"; Value = "06035A102JAT2A"; VariantName = "[No Variations]"
Change component parameters (AddParameter): Name = "Arrow Price/Stock"; Value = "https://www.arrow.com/en/products/06035a102jat2a/avx"; VariantName = "[No Variations]"
Change component parameters (AddParameter): Name = "Datasheet Link"; Value = "http://datasheets.avx.com/C0GNP0-Dielectric.pdf"; VariantName = "[No Variations]"
Change component parameters (AddParameter): Name = "Height"; Value = "0.9mm"; VariantName = "[No Variations]"
Change component parameters (AddParameter): Name = "Manufacturer_Name"; Value = "AVX"; VariantName = "[No Variations]"
Change component parameters (AddParameter): Name = "Manufacturer_Part_Number"; Value = "06035A102JAT2A"; VariantName = "[No Variations]"
Change component parameters (AddParameter): Name = "Mouser Part Number"; Value = "581-06035A102J"; VariantName = "[No Variations]"
Change component parameters (AddParameter): Name = "Mouser Price/Stock"; Value = "https://www.mouser.co.uk/ProductDetail/AVX/06035A102JAT2A?qs=I5rfTV0A4wGLF2%252B95sWyMg%3D%3D"; VariantName = "[No Variations]"
Change component parameters: Designator = "C36" ("C36"); Footprint = "CAPC1608X90N"; UniqueID = "\ZFSFQJJR" ("\ZFSFQJJR")
Change component parameters (AddParameter): Name = "Arrow Part Number"; Value = "06035A102JAT2A"; VariantName = "[No Variations]"
Change component parameters (AddParameter): Name = "Arrow Price/Stock"; Value = "https://www.arrow.com/en/products/06035a102jat2a/avx"; VariantName = "[No Variations]"
Change component parameters (AddParameter): Name = "Datasheet Link"; Value = "http://datasheets.avx.com/C0GNP0-Dielectric.pdf"; VariantName = "[No Variations]"
Change component parameters (AddParameter): Name = "Height"; Value = "0.9mm"; VariantName = "[No Variations]"
Change component parameters (AddParameter): Name = "Manufacturer_Name"; Value = "AVX"; VariantName = "[No Variations]"
Change component parameters (AddParameter): Name = "Manufacturer_Part_Number"; Value = "06035A102JAT2A"; VariantName = "[No Variations]"
Change component parameters (AddParameter): Name = "Mouser Part Number"; Value = "581-06035A102J"; VariantName = "[No Variations]"
Change component parameters (AddParameter): Name = "Mouser Price/Stock"; Value = "https://www.mouser.co.uk/ProductDetail/AVX/06035A102JAT2A?qs=I5rfTV0A4wGLF2%252B95sWyMg%3D%3D"; VariantName = "[No Variations]"
Change component parameters: Designator = "C37" ("C37"); Footprint = "CAPC1608X90N"; UniqueID = "\ZZUMOHOQ" ("\ZZUMOHOQ")
Change component parameters (AddParameter): Name = "Arrow Part Number"; Value = "06035A102JAT2A"; VariantName = "[No Variations]"
Change component parameters (AddParameter): Name = "Arrow Price/Stock"; Value = "https://www.arrow.com/en/products/06035a102jat2a/avx"; VariantName = "[No Variations]"
Change component parameters (AddParameter): Name = "Datasheet Link"; Value = "http://datasheets.avx.com/C0GNP0-Dielectric.pdf"; VariantName = "[No Variations]"
Change component parameters (AddParameter): Name = "Height"; Value = "0.9mm"; VariantName = "[No Variations]"
Change component parameters (AddParameter): Name = "Manufacturer_Name"; Value = "AVX"; VariantName = "[No Variations]"
Change component parameters (AddParameter): Name = "Manufacturer_Part_Number"; Value = "06035A102JAT2A"; VariantName = "[No Variations]"
Change component parameters (AddParameter): Name = "Mouser Part Number"; Value = "581-06035A102J"; VariantName = "[No Variations]"
Change component parameters (AddParameter): Name = "Mouser Price/Stock"; Value = "https://www.mouser.co.uk/ProductDetail/AVX/06035A102JAT2A?qs=I5rfTV0A4wGLF2%252B95sWyMg%3D%3D"; VariantName = "[No Variations]"
Change component parameters: Designator = "C38" ("C38"); Footprint = "CAPC1608X90N"; UniqueID = "\XJFXQVMU" ("\XJFXQVMU")
Change component parameters (AddParameter): Name = "Arrow Part Number"; Value = "06035A102JAT2A"; VariantName = "[No Variations]"
Change component parameters (AddParameter): Name = "Arrow Price/Stock"; Value = "https://www.arrow.com/en/products/06035a102jat2a/avx"; VariantName = "[No Variations]"
Change component parameters (AddParameter): Name = "Datasheet Link"; Value = "http://datasheets.avx.com/C0GNP0-Dielectric.pdf"; VariantName = "[No Variations]"
Change component parameters (AddParameter): Name = "Height"; Value = "0.9mm"; VariantName = "[No Variations]"
Change component parameters (AddParameter): Name = "Manufacturer_Name"; Value = "AVX"; VariantName = "[No Variations]"
Change component parameters (AddParameter): Name = "Manufacturer_Part_Number"; Value = "06035A102JAT2A"; VariantName = "[No Variations]"
Change component parameters (AddParameter): Name = "Mouser Part Number"; Value = "581-06035A102J"; VariantName = "[No Variations]"
Change component parameters (AddParameter): Name = "Mouser Price/Stock"; Value = "https://www.mouser.co.uk/ProductDetail/AVX/06035A102JAT2A?qs=I5rfTV0A4wGLF2%252B95sWyMg%3D%3D"; VariantName = "[No Variations]"
Change component parameters: Designator = "R9" ("R9"); Footprint = "RESC1608X55N"; UniqueID = "\HNTQSFMD" ("\HNTQSFMD")
Change component parameters (AddParameter): Name = "Arrow Part Number"; Value = "ERJ-3EKF1000V"; VariantName = "[No Variations]"
Change component parameters (AddParameter): Name = "Arrow Price/Stock"; Value = "https://www.arrow.com/en/products/erj-3ekf1000v/panasonic"; VariantName = "[No Variations]"
Change component parameters (AddParameter): Name = "Datasheet Link"; Value = "http://industrial.panasonic.com/cdbs/www-data/pdf/RDA0000/AOA0000C86.pdf"; VariantName = "[No Variations]"
Change component parameters (AddParameter): Name = "Height"; Value = "0.55mm"; VariantName = "[No Variations]"
Change component parameters (AddParameter): Name = "Manufacturer_Name"; Value = "Panasonic"; VariantName = "[No Variations]"
Change component parameters (AddParameter): Name = "Manufacturer_Part_Number"; Value = "ERJ-3EKF1000V"; VariantName = "[No Variations]"
Change component parameters (AddParameter): Name = "Mouser Part Number"; Value = "667-ERJ-3EKF1000V"; VariantName = "[No Variations]"
Change component parameters (AddParameter): Name = "Mouser Price/Stock"; Value = "https://www.mouser.co.uk/ProductDetail/Panasonic/ERJ-3EKF1000V/?qs=H7k1u0Mp9JS7i8KGO5m47A%3D%3D"; VariantName = "[No Variations]"
Change component parameters: Designator = "R10" ("R10"); Footprint = "RESC1608X55N"; UniqueID = "\CLWWSECS" ("\CLWWSECS")
Change component parameters (AddParameter): Name = "Arrow Part Number"; Value = "ERJ-3EKF1000V"; VariantName = "[No Variations]"
Change component parameters (AddParameter): Name = "Arrow Price/Stock"; Value = "https://www.arrow.com/en/products/erj-3ekf1000v/panasonic"; VariantName = "[No Variations]"
Change component parameters (AddParameter): Name = "Datasheet Link"; Value = "http://industrial.panasonic.com/cdbs/www-data/pdf/RDA0000/AOA0000C86.pdf"; VariantName = "[No Variations]"
Change component parameters (AddParameter): Name = "Height"; Value = "0.55mm"; VariantName = "[No Variations]"
Change component parameters (AddParameter): Name = "Manufacturer_Name"; Value = "Panasonic"; VariantName = "[No Variations]"
Change component parameters (AddParameter): Name = "Manufacturer_Part_Number"; Value = "ERJ-3EKF1000V"; VariantName = "[No Variations]"
Change component parameters (AddParameter): Name = "Mouser Part Number"; Value = "667-ERJ-3EKF1000V"; VariantName = "[No Variations]"
Change component parameters (AddParameter): Name = "Mouser Price/Stock"; Value = "https://www.mouser.co.uk/ProductDetail/Panasonic/ERJ-3EKF1000V/?qs=H7k1u0Mp9JS7i8KGO5m47A%3D%3D"; VariantName = "[No Variations]"
Added Pin To Net: NetName=NetC35_2 Pin=C37-2
Added Pin To Net: NetName=NetC36_2 Pin=C38-2
Added Pin To Net: NetName=NetIC9_1 Pin=R9-2
Change Net Name : Old Net Name=NetC35_2 New Net Name=NetC37_2
Change Net Name : Old Net Name=NetC36_2 New Net Name=NetC38_2
Added Pin To Net: NetName=NetC35_2 Pin=C35-2
Added Pin To Net: NetName=NetC35_2 Pin=MCU1-11
Added Pin To Net: NetName=NetC35_2 Pin=R9-1
Added Net: Name=NetC35_2
Added Pin To Net: NetName=NetC36_2 Pin=C36-2
Added Pin To Net: NetName=NetC36_2 Pin=MCU1-8
Added Pin To Net: NetName=NetC36_2 Pin=R10-1
Added Net: Name=NetC36_2
