Removed Pin From Net: NetName=PGND Pin=P2-1
Removed Pin From Net: NetName=PGND Pin=P2-1
Removed Pin From Net: NetName=PGND Pin=P2-1
Removed Pin From Net: NetName=PGND Pin=P2-1
Removed Pin From Net: NetName=PGND Pin=P2-1
Removed Pin From Net: NetName=PGND Pin=P2-1
Removed Pin From Net: NetName=PGND Pin=P2-1
Removed Pin From Net: NetName=PGND Pin=P2-1
Removed Pin From Net: NetName=PGND Pin=P2-1
Removed Pin From Net: NetName=PGND Pin=P2-1
Removed Pin From Net: NetName=PGND Pin=P2-1
Removed Pin From Net: NetName=PGND Pin=P2-1
Removed Pin From Net: NetName=PGND Pin=P2-1
Removed Pin From Net: NetName=PGND Pin=P2-1
Removed Member From Class: ClassName=RcMPPT-Power_Module Member=P1
Removed Member From Class: ClassName=RcMPPT-Power_Module Member=P2
Change Component Designator: OldDesignator=  NewDesignator=MCU1
Added Component: Designator=P3(POWER_PAD)
Added Component: Designator=P4(POWER_PAD)
Added Pin To Net: NetName=NetC15_1 Pin=C15-1
Added Pin To Net: NetName=NetC15_2 Pin=C15-2
Added Pin To Net: NetName=NetC15_1 Pin=C16-1
Added Pin To Net: NetName=NetC16_2 Pin=C16-2
Added Pin To Net: NetName=+5 Pin=C17-1
Added Pin To Net: NetName=PGND Pin=C17-2
Added Pin To Net: NetName=NetC18_1 Pin=C18-1
Added Pin To Net: NetName=PGND Pin=C18-2
Added Pin To Net: NetName=NetC13_1 Pin=C19-1
Added Pin To Net: NetName=PGND Pin=C19-2
Added Pin To Net: NetName=NetC15_2 Pin=D1-1
Added Pin To Net: NetName=+5 Pin=D1-2
Added Pin To Net: NetName=NetC18_1 Pin=D2-1
Added Pin To Net: NetName=NetC15_2 Pin=D2-2
Added Pin To Net: NetName=NetC16_2 Pin=D3-1
Added Pin To Net: NetName=NetC18_1 Pin=D3-2
Added Pin To Net: NetName=NetC13_1 Pin=D4-1
Added Pin To Net: NetName=NetC16_2 Pin=D4-2
Added Pin To Net: NetName=PGND Pin=IC6-1
Added Pin To Net: NetName=+5 Pin=IC6-2
Added Pin To Net: NetName=PGND Pin=IC6-4
Added Pin To Net: NetName=+5 Pin=IC6-5
Added Pin To Net: NetName=NetC15_1 Pin=IC6-6
Added Pin To Net: NetName=Vout Pin=P2-1
Added Pin To Net: NetName=Vout Pin=P2-1
Added Pin To Net: NetName=Vout Pin=P2-1
Added Pin To Net: NetName=Vout Pin=P2-1
Added Pin To Net: NetName=Vout Pin=P2-1
Added Pin To Net: NetName=Vout Pin=P2-1
Added Pin To Net: NetName=Vout Pin=P2-1
Added Pin To Net: NetName=Vout Pin=P2-1
Added Pin To Net: NetName=Vout Pin=P2-1
Added Pin To Net: NetName=Vout Pin=P2-1
Added Pin To Net: NetName=Vout Pin=P2-1
Added Pin To Net: NetName=Vout Pin=P2-1
Added Pin To Net: NetName=Vout Pin=P2-1
Added Pin To Net: NetName=Vout Pin=P2-1
Added Pin To Net: NetName=PNGD Pin=P3-1
Added Pin To Net: NetName=PNGD Pin=P3-1
Added Pin To Net: NetName=PNGD Pin=P3-1
Added Pin To Net: NetName=PNGD Pin=P3-1
Added Pin To Net: NetName=PNGD Pin=P3-1
Added Pin To Net: NetName=PNGD Pin=P3-1
Added Pin To Net: NetName=PNGD Pin=P3-1
Added Pin To Net: NetName=PNGD Pin=P3-1
Added Pin To Net: NetName=PNGD Pin=P3-1
Added Pin To Net: NetName=PNGD Pin=P3-1
Added Pin To Net: NetName=PNGD Pin=P3-1
Added Pin To Net: NetName=PNGD Pin=P3-1
Added Pin To Net: NetName=PNGD Pin=P3-1
Added Pin To Net: NetName=PNGD Pin=P3-1
Added Pin To Net: NetName=PNGD Pin=P4-1
Added Pin To Net: NetName=PNGD Pin=P4-1
Added Pin To Net: NetName=PNGD Pin=P4-1
Added Pin To Net: NetName=PNGD Pin=P4-1
Added Pin To Net: NetName=PNGD Pin=P4-1
Added Pin To Net: NetName=PNGD Pin=P4-1
Added Pin To Net: NetName=PNGD Pin=P4-1
Added Pin To Net: NetName=PNGD Pin=P4-1
Added Pin To Net: NetName=PNGD Pin=P4-1
Added Pin To Net: NetName=PNGD Pin=P4-1
Added Pin To Net: NetName=PNGD Pin=P4-1
Added Pin To Net: NetName=PNGD Pin=P4-1
Added Pin To Net: NetName=PNGD Pin=P4-1
Added Pin To Net: NetName=PNGD Pin=P4-1
Added Member To Class: ClassName=RcMPPT-DCDC Member=Component C15 C1608X5R1E335K080AC
Added Member To Class: ClassName=RcMPPT-DCDC Member=Component C16 C1608X5R1E335K080AC
Added Member To Class: ClassName=RcMPPT-DCDC Member=Component C17 C1608X5R1E335K080AC
Added Member To Class: ClassName=RcMPPT-DCDC Member=Component C18 C1608X5R1E335K080AC
Added Member To Class: ClassName=RcMPPT-DCDC Member=Component C19 C1608X5R1E335K080AC
Added Member To Class: ClassName=RcMPPT-DCDC Member=Component C21 C1608X5R1E335K080AC
Added Member To Class: ClassName=RcMPPT-DCDC Member=Component C23 C1608X5R1E335K080AC
Added Member To Class: ClassName=RcMPPT-DCDC Member=Component C25 C1608X5R1E335K080AC
Added Member To Class: ClassName=RcMPPT-DCDC Member=Component D1 BAS3010A03WE6327HTSA1
Added Member To Class: ClassName=RcMPPT-DCDC Member=Component D2 BAS3010A03WE6327HTSA1
Added Member To Class: ClassName=RcMPPT-DCDC Member=Component D3 BAS3010A03WE6327HTSA1
Added Member To Class: ClassName=RcMPPT-DCDC Member=Component D4 BAS3010A03WE6327HTSA1
Added Member To Class: ClassName=RcMPPT-DCDC Member=Component D5 BAS3010A03WE6327HTSA1
Added Member To Class: ClassName=RcMPPT-DCDC Member=Component D6 BAS3010A03WE6327HTSA1
Added Member To Class: ClassName=RcMPPT-DCDC Member=Component IC6 NCP1729SN35T1G
Added Member To Class: ClassName=RcMPPT-DCDC Member=Component IC8 NCP1729SN35T1G
Added Member To Class: ClassName=RcMPPT-MCU Member=Component MCU1 STM32G474RBT6
Added Member To Class: ClassName=RcMPPT-DCDC Member=Component P1 PowerPad
Added Member To Class: ClassName=RcMPPT-DCDC Member=Component P2 PowerPad
Added Member To Class: ClassName=RcMPPT-DCDC Member=Component P3 PowerPad
Added Member To Class: ClassName=RcMPPT-DCDC Member=Component P4 PowerPad
Added Room: Name=RcMPPT-DCDC
Added Room: Name=RcMPPT-MCU
Added Room: Name=RcMPPT-Power_Module
Added Rule: Name=Schematic Differential Pairs Routing
Added Rule: Name=Schematic Differential Pairs Routing_1
