Added Component: Designator=J10(DF13A4P125H21)
Add component (AddParameter): Name = "Arrow Part Number"; Value = ""; VariantName = "[No Variations]"
Add component (AddParameter): Name = "Arrow Price/Stock"; Value = ""; VariantName = "[No Variations]"
Add component (AddParameter): Name = "Datasheet Link"; Value = "https://componentsearchengine.com/Datasheets/1/DF13A-4P-1.25H(21).pdf"; VariantName = "[No Variations]"
Add component (AddParameter): Name = "Height"; Value = "3.6mm"; VariantName = "[No Variations]"
Add component (AddParameter): Name = "Manufacturer_Name"; Value = "Hirose"; VariantName = "[No Variations]"
Add component (AddParameter): Name = "Manufacturer_Part_Number"; Value = "DF13A-4P-1.25H(21)"; VariantName = "[No Variations]"
Add component (AddParameter): Name = "Mouser Part Number"; Value = "798-DF13A4P125H21"; VariantName = "[No Variations]"
Add component (AddParameter): Name = "Mouser Price/Stock"; Value = "https://www.mouser.co.uk/ProductDetail/Hirose-Connector/DF13A-4P-125H21?qs=XQjbzJWzFPXWzMShI70F0w%3D%3D"; VariantName = "[No Variations]"
Added Pin To Net: NetName=PGND Pin=J3-1
Added Pin To Net: NetName=PGND Pin=J3-2
Added Pin To Net: NetName=PGND Pin=J3-3
Added Pin To Net: NetName=PGND Pin=J3-4
Added Pin To Net: NetName=Vout Pin=J3-5
Added Pin To Net: NetName=Vout Pin=J3-6
Added Pin To Net: NetName=Vout Pin=J3-7
Added Pin To Net: NetName=Vout Pin=J3-8
Added Pin To Net: NetName=Vout Pin=J3-9
Added Pin To Net: NetName=Vout Pin=J3-10
Added Pin To Net: NetName=PGND Pin=J6-1
Added Pin To Net: NetName=PGND Pin=J6-2
Added Pin To Net: NetName=PGND Pin=J6-3
Added Pin To Net: NetName=PGND Pin=J6-4
Added Pin To Net: NetName=VCC Pin=J6-5
Added Pin To Net: NetName=VCC Pin=J6-6
Added Pin To Net: NetName=VCC Pin=J6-7
Added Pin To Net: NetName=VCC Pin=J6-8
Added Pin To Net: NetName=VCC Pin=J6-9
Added Pin To Net: NetName=VCC Pin=J6-10
Added Pin To Net: NetName=PGND Pin=J10-1
Added Pin To Net: NetName=3V3 Pin=J10-4
Added Pin To Net: NetName=PGND Pin=J10-MP1
Added Pin To Net: NetName=PGND Pin=J10-MP2
Added Pin To Net: NetName=NetJ10_2 Pin=J10-2
Added Pin To Net: NetName=NetJ10_2 Pin=MCU1-55
Added Net: Name=NetJ10_2
Added Pin To Net: NetName=NetJ10_3 Pin=J10-3
Added Pin To Net: NetName=NetJ10_3 Pin=MCU1-54
Added Net: Name=NetJ10_3
Added Pin To Net: NetName=NetMCU1_57 Pin=MCU1-57
Added Pin To Net: NetName=NetMCU1_57 Pin=R1-2
Added Net: Name=NetMCU1_57
Added Member To Class: ClassName=RcMPPT-IO Member=Component J10 DF13A-4P-1.25H_21_
