Added Component: Designator=IC5(SOIC127P600X170-9N)
Add component (AddParameter): Name = "Arrow Part Number"; Value = "UCC27212AQDDARQ1"; VariantName = "[No Variations]"
Add component (AddParameter): Name = "Arrow Price/Stock"; Value = "https://www.arrow.com/en/products/ucc27212aqddarq1/texas-instruments"; VariantName = "[No Variations]"
Add component (AddParameter): Name = "Datasheet Link"; Value = "http://www.ti.com/lit/gpn/ucc27212a-q1"; VariantName = "[No Variations]"
Add component (AddParameter): Name = "Height"; Value = "1.7mm"; VariantName = "[No Variations]"
Add component (AddParameter): Name = "Manufacturer_Name"; Value = "Texas Instruments"; VariantName = "[No Variations]"
Add component (AddParameter): Name = "Manufacturer_Part_Number"; Value = "UCC27212AQDDARQ1"; VariantName = "[No Variations]"
Add component (AddParameter): Name = "Mouser Part Number"; Value = "595-UCC27212AQDDARQ1"; VariantName = "[No Variations]"
Add component (AddParameter): Name = "Mouser Price/Stock"; Value = "https://www.mouser.co.uk/ProductDetail/Texas-Instruments/UCC27212AQDDARQ1?qs=EU6FO9ffTweIJPh4lekvgg%3D%3D"; VariantName = "[No Variations]"
Added Component: Designator=Q2(CSD19531Q5A)
Add component (AddParameter): Name = "Arrow Part Number"; Value = "CSD19531Q5A"; VariantName = "[No Variations]"
Add component (AddParameter): Name = "Arrow Price/Stock"; Value = "https://www.arrow.com/en/products/csd19531q5a/texas-instruments"; VariantName = "[No Variations]"
Add component (AddParameter): Name = "Datasheet Link"; Value = "http://www.ti.com/lit/gpn/csd19531q5a"; VariantName = "[No Variations]"
Add component (AddParameter): Name = "Height"; Value = "1.1mm"; VariantName = "[No Variations]"
Add component (AddParameter): Name = "Manufacturer_Name"; Value = "Texas Instruments"; VariantName = "[No Variations]"
Add component (AddParameter): Name = "Manufacturer_Part_Number"; Value = "CSD19531Q5A"; VariantName = "[No Variations]"
Add component (AddParameter): Name = "Mouser Part Number"; Value = "595-CSD19531Q5A"; VariantName = "[No Variations]"
Add component (AddParameter): Name = "Mouser Price/Stock"; Value = "https://www.mouser.co.uk/ProductDetail/Texas-Instruments/CSD19531Q5A?qs=igp4D3uu33JEBn6BQL7S%2Fw%3D%3D"; VariantName = "[No Variations]"
Added Component: Designator=Q3(CSD19531Q5A)
Add component (AddParameter): Name = "Arrow Part Number"; Value = "CSD19531Q5A"; VariantName = "[No Variations]"
Add component (AddParameter): Name = "Arrow Price/Stock"; Value = "https://www.arrow.com/en/products/csd19531q5a/texas-instruments"; VariantName = "[No Variations]"
Add component (AddParameter): Name = "Datasheet Link"; Value = "http://www.ti.com/lit/gpn/csd19531q5a"; VariantName = "[No Variations]"
Add component (AddParameter): Name = "Height"; Value = "1.1mm"; VariantName = "[No Variations]"
Add component (AddParameter): Name = "Manufacturer_Name"; Value = "Texas Instruments"; VariantName = "[No Variations]"
Add component (AddParameter): Name = "Manufacturer_Part_Number"; Value = "CSD19531Q5A"; VariantName = "[No Variations]"
Add component (AddParameter): Name = "Mouser Part Number"; Value = "595-CSD19531Q5A"; VariantName = "[No Variations]"
Add component (AddParameter): Name = "Mouser Price/Stock"; Value = "https://www.mouser.co.uk/ProductDetail/Texas-Instruments/CSD19531Q5A?qs=igp4D3uu33JEBn6BQL7S%2Fw%3D%3D"; VariantName = "[No Variations]"
Added Component: Designator=Q4(CSD19531Q5A)
Add component (AddParameter): Name = "Arrow Part Number"; Value = "CSD19531Q5A"; VariantName = "[No Variations]"
Add component (AddParameter): Name = "Arrow Price/Stock"; Value = "https://www.arrow.com/en/products/csd19531q5a/texas-instruments"; VariantName = "[No Variations]"
Add component (AddParameter): Name = "Datasheet Link"; Value = "http://www.ti.com/lit/gpn/csd19531q5a"; VariantName = "[No Variations]"
Add component (AddParameter): Name = "Height"; Value = "1.1mm"; VariantName = "[No Variations]"
Add component (AddParameter): Name = "Manufacturer_Name"; Value = "Texas Instruments"; VariantName = "[No Variations]"
Add component (AddParameter): Name = "Manufacturer_Part_Number"; Value = "CSD19531Q5A"; VariantName = "[No Variations]"
Add component (AddParameter): Name = "Mouser Part Number"; Value = "595-CSD19531Q5A"; VariantName = "[No Variations]"
Add component (AddParameter): Name = "Mouser Price/Stock"; Value = "https://www.mouser.co.uk/ProductDetail/Texas-Instruments/CSD19531Q5A?qs=igp4D3uu33JEBn6BQL7S%2Fw%3D%3D"; VariantName = "[No Variations]"
Added Pin To Net: NetName=NetQ1_5 Pin=Q1-5
Added Pin To Net: NetName=NetQ1_5 Pin=Q3-1
Added Net: Name=NetQ1_5
Added Pin To Net: NetName=NetQ1_6 Pin=Q1-6
Added Pin To Net: NetName=NetQ1_6 Pin=Q3-2
Added Net: Name=NetQ1_6
Added Pin To Net: NetName=NetQ1_7 Pin=Q1-7
Added Pin To Net: NetName=NetQ1_7 Pin=Q3-3
Added Net: Name=NetQ1_7
Added Pin To Net: NetName=NetQ2_1 Pin=Q2-1
Added Pin To Net: NetName=NetQ2_1 Pin=Q4-5
Added Net: Name=NetQ2_1
Added Pin To Net: NetName=NetQ2_2 Pin=Q2-2
Added Pin To Net: NetName=NetQ2_2 Pin=Q4-6
Added Net: Name=NetQ2_2
Added Pin To Net: NetName=NetQ2_3 Pin=Q2-3
Added Pin To Net: NetName=NetQ2_3 Pin=Q4-7
Added Net: Name=NetQ2_3
Added Member To Class: ClassName=RcMPPT-DCDC Member=Component IC5 UCC27212AQDDARQ1
Added Member To Class: ClassName=RcMPPT-DCDC Member=Component Q2 CSD19531Q5A
Added Member To Class: ClassName=RcMPPT-DCDC Member=Component Q3 CSD19531Q5A
Added Member To Class: ClassName=RcMPPT-DCDC Member=Component Q4 CSD19531Q5A
Added Room: Name=RcMPPT-DCDC
Added Room: Name=RcMPPT-MCU
Added Room: Name=RcMPPT-Power_Module
