Added Pin To Net: NetName=PGND Pin=IC4-9
Added Pin To Net: NetName=PGND Pin=IC5-9
Added Pin To Net: NetName=PGND Pin=P3-1
Added Pin To Net: NetName=PGND Pin=P3-1
Added Pin To Net: NetName=PGND Pin=P3-1
Added Pin To Net: NetName=PGND Pin=P3-1
Added Pin To Net: NetName=PGND Pin=P3-1
Added Pin To Net: NetName=PGND Pin=P3-1
Added Pin To Net: NetName=PGND Pin=P3-1
Added Pin To Net: NetName=PGND Pin=P3-1
Added Pin To Net: NetName=PGND Pin=P3-1
Added Pin To Net: NetName=PGND Pin=P3-1
Added Pin To Net: NetName=PGND Pin=P3-1
Added Pin To Net: NetName=PGND Pin=P3-1
Added Pin To Net: NetName=PGND Pin=P3-1
Added Pin To Net: NetName=PGND Pin=P3-1
Added Pin To Net: NetName=PGND Pin=P4-1
Added Pin To Net: NetName=PGND Pin=P4-1
Added Pin To Net: NetName=PGND Pin=P4-1
Added Pin To Net: NetName=PGND Pin=P4-1
Added Pin To Net: NetName=PGND Pin=P4-1
Added Pin To Net: NetName=PGND Pin=P4-1
Added Pin To Net: NetName=PGND Pin=P4-1
Added Pin To Net: NetName=PGND Pin=P4-1
Added Pin To Net: NetName=PGND Pin=P4-1
Added Pin To Net: NetName=PGND Pin=P4-1
Added Pin To Net: NetName=PGND Pin=P4-1
Added Pin To Net: NetName=PGND Pin=P4-1
Added Pin To Net: NetName=PGND Pin=P4-1
Added Pin To Net: NetName=PGND Pin=P4-1
Added Pin To Net: NetName=PGND Pin=Q4-4
Added Pin To Net: NetName=PGND Pin=Q7-4
Added Room: Name=RcMPPT-DCDC
Added Room: Name=RcMPPT-MCU
Added Room: Name=RcMPPT-Power_Module
