Removed Pin From Net: NetName=NetC36_2 Pin=C36-2
Removed Pin From Net: NetName=PGND Pin=J7-1
Removed Pin From Net: NetName=3V3 Pin=J7-5
Removed Pin From Net: NetName=NetJ7_2 Pin=MCU1-52
Removed Pin From Net: NetName=NetJ7_4 Pin=MCU1-53
Removed Pin From Net: NetName=NetJ5_1 Pin=R21-2
Removed Pin From Net: NetName=NetJ5_2 Pin=R22-2
Change Component Comment : Designator=J7 Old Comment=DF13A-5P-1.25H_21_ New Comment=DF13A-6P-1.25H_21_
Change component parameters: Designator = "J7" ("J7"); Footprint = "DF13A5P125H21"; UniqueID = "\WTSLBINK" ("\WTSLBINK")
Change component parameters (AddParameter): Name = "Arrow Part Number"; Value = "DF13A-6P-1.25H(21)"; VariantName = "[No Variations]"
Change component parameters (AddParameter): Name = "Arrow Price/Stock"; Value = "https://www.arrow.com/en/products/df13a-6p-1.25h-21/hirose-electric"; VariantName = "[No Variations]"
Change component parameters (AddParameter): Name = "Datasheet Link"; Value = "https://www.hirose.com/product/download/?distributor=digikey&type=2d&lang=en&num=DF13A-6P-1.25H(21)"; VariantName = "[No Variations]"
Change component parameters (AddParameter): Name = "Height"; Value = "3.75mm"; VariantName = "[No Variations]"
Change component parameters (AddParameter): Name = "Manufacturer_Name"; Value = "Hirose"; VariantName = "[No Variations]"
Change component parameters (AddParameter): Name = "Manufacturer_Part_Number"; Value = "DF13A-6P-1.25H(21)"; VariantName = "[No Variations]"
Change component parameters (AddParameter): Name = "Mouser Part Number"; Value = "798-DF13A6P125H21"; VariantName = "[No Variations]"
Change component parameters (AddParameter): Name = "Mouser Price/Stock"; Value = "https://www.mouser.co.uk/ProductDetail/Hirose-Connector/DF13A-6P-125H21?qs=XQjbzJWzFPXnreVi%252BPl0Lg%3D%3D"; VariantName = "[No Variations]"
Added Pin To Net: NetName=NetC36_2 Pin=C38-2
Added Pin To Net: NetName=3V3 Pin=J7-1
Added Pin To Net: NetName=NetJ7_4 Pin=MCU1-52
Added Pin To Net: NetName=NetJ7_2 Pin=MCU1-53
Change Net Name : Old Net Name=NetC36_2 New Net Name=NetC38_2
Added Pin To Net: NetName=NetC36_2 Pin=C36-2
Added Pin To Net: NetName=NetC36_2 Pin=MCU1-8
Added Pin To Net: NetName=NetC36_2 Pin=R10-1
Added Net: Name=NetC36_2
Added Pin To Net: NetName=NetJ7_5 Pin=J7-5
Added Pin To Net: NetName=NetJ7_5 Pin=MCU1-62
Added Net: Name=NetJ7_5
