Removed Pin From Net: NetName=PGND Pin=IC11-7
Removed Pin From Net: NetName=+5 Pin=IC11-8
Removed Pin From Net: NetName=+5 Pin=J9-1
Removed Pin From Net: NetName=PGND Pin=J9-2
Removed Pin From Net: NetName=Vout Pin=R14-1
Removed Pin From Net: NetName=NetMCU1_10 Pin=R14-2
Removed Pin From Net: NetName=VCC Pin=R15-1
Removed Pin From Net: NetName=NetMCU1_9 Pin=R15-2
Removed Pin From Net: NetName=NetMCU1_10 Pin=R16-1
Removed Pin From Net: NetName=PGND Pin=R16-2
Removed Pin From Net: NetName=NetMCU1_9 Pin=R17-1
Removed Pin From Net: NetName=PGND Pin=R17-2
Removed Member From Class: ClassName=RcMPPT-DCDC Member=R17
Change Component Comment : Designator=R15 Old Comment=1k New Comment=3k3
Change Component Comment : Designator=R16 Old Comment=1k New Comment=3k3
Change Component Comment : Designator=R14 Old Comment=1k New Comment=100k
Change component parameters: Designator = "R15" ("R15"); Footprint = "RESC1608X55N"; UniqueID = "\JZDNSMNJ" ("\JZDNSMNJ")
Change component parameters (AddParameter): Name = "Arrow Part Number"; Value = ""; VariantName = "[No Variations]"
Change component parameters (AddParameter): Name = "Arrow Price/Stock"; Value = ""; VariantName = "[No Variations]"
Change component parameters (AddParameter): Name = "Datasheet Link"; Value = "https://industrial.panasonic.com/cdbs/www-data/pdf/RDO0000/AOA0000C331.pdf"; VariantName = "[No Variations]"
Change component parameters (AddParameter): Name = "Height"; Value = "0.55mm"; VariantName = "[No Variations]"
Change component parameters (AddParameter): Name = "Manufacturer_Name"; Value = "Panasonic"; VariantName = "[No Variations]"
Change component parameters (AddParameter): Name = "Manufacturer_Part_Number"; Value = "ERJ-PA3J332V"; VariantName = "[No Variations]"
Change component parameters (AddParameter): Name = "Mouser Part Number"; Value = "667-ERJ-PA3J332V"; VariantName = "[No Variations]"
Change component parameters (AddParameter): Name = "Mouser Price/Stock"; Value = "https://www.mouser.co.uk/ProductDetail/Panasonic/ERJ-PA3J332V?qs=BzJM0faLVqUb4RD3AQ1dMg%3D%3D"; VariantName = "[No Variations]"
Change component parameters: Designator = "R16" ("R16"); Footprint = "RESC1608X55N"; UniqueID = "\DTMMFGJL" ("\DTMMFGJL")
Change component parameters (AddParameter): Name = "Arrow Part Number"; Value = ""; VariantName = "[No Variations]"
Change component parameters (AddParameter): Name = "Arrow Price/Stock"; Value = ""; VariantName = "[No Variations]"
Change component parameters (AddParameter): Name = "Datasheet Link"; Value = "https://industrial.panasonic.com/cdbs/www-data/pdf/RDO0000/AOA0000C331.pdf"; VariantName = "[No Variations]"
Change component parameters (AddParameter): Name = "Height"; Value = "0.55mm"; VariantName = "[No Variations]"
Change component parameters (AddParameter): Name = "Manufacturer_Name"; Value = "Panasonic"; VariantName = "[No Variations]"
Change component parameters (AddParameter): Name = "Manufacturer_Part_Number"; Value = "ERJ-PA3J332V"; VariantName = "[No Variations]"
Change component parameters (AddParameter): Name = "Mouser Part Number"; Value = "667-ERJ-PA3J332V"; VariantName = "[No Variations]"
Change component parameters (AddParameter): Name = "Mouser Price/Stock"; Value = "https://www.mouser.co.uk/ProductDetail/Panasonic/ERJ-PA3J332V?qs=BzJM0faLVqUb4RD3AQ1dMg%3D%3D"; VariantName = "[No Variations]"
Change component parameters: Designator = "R14" ("R14"); Footprint = "RESC1608X55N"; UniqueID = "\JAQVPDRO" ("\JAQVPDRO")
Change component parameters (AddParameter): Name = "Arrow Part Number"; Value = "ERJ-PA3J104V"; VariantName = "[No Variations]"
Change component parameters (AddParameter): Name = "Arrow Price/Stock"; Value = "https://www.arrow.com/en/products/erj-pa3j104v/panasonic"; VariantName = "[No Variations]"
Change component parameters (AddParameter): Name = "Datasheet Link"; Value = "https://industrial.panasonic.com/cdbs/www-data/pdf/RDA0000/AOA0000C243.pdf"; VariantName = "[No Variations]"
Change component parameters (AddParameter): Name = "Height"; Value = "0.55mm"; VariantName = "[No Variations]"
Change component parameters (AddParameter): Name = "Manufacturer_Name"; Value = "Panasonic"; VariantName = "[No Variations]"
Change component parameters (AddParameter): Name = "Manufacturer_Part_Number"; Value = "ERJ-PA3J104V"; VariantName = "[No Variations]"
Change component parameters (AddParameter): Name = "Mouser Part Number"; Value = "667-ERJ-PA3J104V"; VariantName = "[No Variations]"
Change component parameters (AddParameter): Name = "Mouser Price/Stock"; Value = "https://www.mouser.com/Search/Refine.aspx?Keyword=667-ERJ-PA3J104V"; VariantName = "[No Variations]"
Added Component: Designator=R12(RESC1608X55N)
Add component (AddParameter): Name = "Arrow Part Number"; Value = "ERJ-PA3J104V"; VariantName = "[No Variations]"
Add component (AddParameter): Name = "Arrow Price/Stock"; Value = "https://www.arrow.com/en/products/erj-pa3j104v/panasonic"; VariantName = "[No Variations]"
Add component (AddParameter): Name = "Datasheet Link"; Value = "https://industrial.panasonic.com/cdbs/www-data/pdf/RDA0000/AOA0000C243.pdf"; VariantName = "[No Variations]"
Add component (AddParameter): Name = "Height"; Value = "0.55mm"; VariantName = "[No Variations]"
Add component (AddParameter): Name = "Manufacturer_Name"; Value = "Panasonic"; VariantName = "[No Variations]"
Add component (AddParameter): Name = "Manufacturer_Part_Number"; Value = "ERJ-PA3J104V"; VariantName = "[No Variations]"
Add component (AddParameter): Name = "Mouser Part Number"; Value = "667-ERJ-PA3J104V"; VariantName = "[No Variations]"
Add component (AddParameter): Name = "Mouser Price/Stock"; Value = "https://www.mouser.com/Search/Refine.aspx?Keyword=667-ERJ-PA3J104V"; VariantName = "[No Variations]"
Added Component: Designator=SB1(SOLDER-BRIDGE_R0603-0R)
Add component (AddParameter): Name = "ComponentLink1Description"; Value = "Datasheet"; VariantName = "[No Variations]"
Add component (AddParameter): Name = "ComponentLink1URL"; Value = "http://tunmcdsvn.tun.st.com/Component_Datasheet_Library/Trunk/Resistors/Yageo_Resistor_RC0603-series"; VariantName = "[No Variations]"
Add component (AddParameter): Name = "ECCN_EU"; Value = "n/a"; VariantName = "[No Variations]"
Add component (AddParameter): Name = "ECCN_US"; Value = "n/a"; VariantName = "[No Variations]"
Add component (AddParameter): Name = "Internal_Part_Number"; Value = "MCD-00071"; VariantName = "[No Variations]"
Add component (AddParameter): Name = "Manufacturer"; Value = "YAGEO"; VariantName = "[No Variations]"
Add component (AddParameter): Name = "Manufacturer_Part_Number"; Value = "RC0603JR-070RL"; VariantName = "[No Variations]"
Add component (AddParameter): Name = "Package"; Value = "SB0603"; VariantName = "[No Variations]"
Add component (AddParameter): Name = "Part_Type"; Value = "Mechanical"; VariantName = "[No Variations]"
Add component (AddParameter): Name = "Provided_By"; Value = "SUBCO"; VariantName = "[No Variations]"
Add component (AddParameter): Name = "Revision"; Value = ""; VariantName = "[No Variations]"
Add component (AddParameter): Name = "Status"; Value = "Released"; VariantName = "[No Variations]"
Added Component: Designator=SB2(SOLDER-BRIDGE_R0603-0R)
Add component (AddParameter): Name = "ComponentLink1Description"; Value = "Datasheet"; VariantName = "[No Variations]"
Add component (AddParameter): Name = "ComponentLink1URL"; Value = "http://tunmcdsvn.tun.st.com/Component_Datasheet_Library/Trunk/Resistors/Yageo_Resistor_RC0603-series"; VariantName = "[No Variations]"
Add component (AddParameter): Name = "ECCN_EU"; Value = "n/a"; VariantName = "[No Variations]"
Add component (AddParameter): Name = "ECCN_US"; Value = "n/a"; VariantName = "[No Variations]"
Add component (AddParameter): Name = "Internal_Part_Number"; Value = "MCD-00071"; VariantName = "[No Variations]"
Add component (AddParameter): Name = "Manufacturer"; Value = "YAGEO"; VariantName = "[No Variations]"
Add component (AddParameter): Name = "Manufacturer_Part_Number"; Value = "RC0603JR-070RL"; VariantName = "[No Variations]"
Add component (AddParameter): Name = "Package"; Value = "SB0603"; VariantName = "[No Variations]"
Add component (AddParameter): Name = "Part_Type"; Value = "Mechanical"; VariantName = "[No Variations]"
Add component (AddParameter): Name = "Provided_By"; Value = "SUBCO"; VariantName = "[No Variations]"
Add component (AddParameter): Name = "Revision"; Value = ""; VariantName = "[No Variations]"
Add component (AddParameter): Name = "Status"; Value = "Released"; VariantName = "[No Variations]"
Added Pin To Net: NetName=NetMCU1_10 Pin=R12-1
Added Pin To Net: NetName=Vout Pin=R12-2
Added Pin To Net: NetName=NetMCU1_9 Pin=R14-1
Added Pin To Net: NetName=VCC Pin=R14-2
Added Pin To Net: NetName=PGND Pin=R15-1
Added Pin To Net: NetName=NetMCU1_10 Pin=R15-2
Added Pin To Net: NetName=PGND Pin=R16-1
Added Pin To Net: NetName=NetMCU1_9 Pin=R16-2
Added Pin To Net: NetName=NetIC11_7 Pin=IC11-7
Added Pin To Net: NetName=NetIC11_7 Pin=J9-2
Added Net: Name=NetIC11_7
Added Pin To Net: NetName=NetIC11_8 Pin=IC11-8
Added Pin To Net: NetName=NetIC11_8 Pin=J9-1
Added Net: Name=NetIC11_8
Added Member To Class: ClassName=RcMPPT-DCDC Member=Component R12 100k
Added Member To Class: ClassName=RcMPPT-IO Member=Component SB1 Solder Bridge
Added Member To Class: ClassName=RcMPPT-IO Member=Component SB2 Solder Bridge
