Added Component: Designator=C35(CAPC1608X90N)
Add component (AddParameter): Name = "Arrow Part Number"; Value = ""; VariantName = "[No Variations]"
Add component (AddParameter): Name = "Arrow Price/Stock"; Value = ""; VariantName = "[No Variations]"
Add component (AddParameter): Name = "Datasheet Link"; Value = "https://componentsearchengine.com/Datasheets/1/06031A100FAT2A.pdf"; VariantName = "[No Variations]"
Add component (AddParameter): Name = "Height"; Value = "0.9mm"; VariantName = "[No Variations]"
Add component (AddParameter): Name = "Manufacturer_Name"; Value = "AVX"; VariantName = "[No Variations]"
Add component (AddParameter): Name = "Manufacturer_Part_Number"; Value = "06033A251JAT2A"; VariantName = "[No Variations]"
Add component (AddParameter): Name = "Mouser Part Number"; Value = "581-06033A251JAT2A"; VariantName = "[No Variations]"
Add component (AddParameter): Name = "Mouser Price/Stock"; Value = "https://www.mouser.com/Search/Refine.aspx?Keyword=581-06033A251JAT2A"; VariantName = "[No Variations]"
Added Component: Designator=C36(CAPC1608X90N)
Add component (AddParameter): Name = "Arrow Part Number"; Value = ""; VariantName = "[No Variations]"
Add component (AddParameter): Name = "Arrow Price/Stock"; Value = ""; VariantName = "[No Variations]"
Add component (AddParameter): Name = "Datasheet Link"; Value = "https://componentsearchengine.com/Datasheets/1/06031A100FAT2A.pdf"; VariantName = "[No Variations]"
Add component (AddParameter): Name = "Height"; Value = "0.9mm"; VariantName = "[No Variations]"
Add component (AddParameter): Name = "Manufacturer_Name"; Value = "AVX"; VariantName = "[No Variations]"
Add component (AddParameter): Name = "Manufacturer_Part_Number"; Value = "06033A251JAT2A"; VariantName = "[No Variations]"
Add component (AddParameter): Name = "Mouser Part Number"; Value = "581-06033A251JAT2A"; VariantName = "[No Variations]"
Add component (AddParameter): Name = "Mouser Price/Stock"; Value = "https://www.mouser.com/Search/Refine.aspx?Keyword=581-06033A251JAT2A"; VariantName = "[No Variations]"
Added Component: Designator=D9(SOT96P240X110-3N)
Add component (AddParameter): Name = "Arrow Part Number"; Value = "BAT54SQ-7-F"; VariantName = "[No Variations]"
Add component (AddParameter): Name = "Arrow Price/Stock"; Value = "https://www.arrow.com/en/products/bat54sq-7-f/diodes-incorporated"; VariantName = "[No Variations]"
Add component (AddParameter): Name = "Datasheet Link"; Value = "https://www.arrow.com/en/products/bat54sq-7-f/diodes-incorporated"; VariantName = "[No Variations]"
Add component (AddParameter): Name = "Height"; Value = "1.1mm"; VariantName = "[No Variations]"
Add component (AddParameter): Name = "Manufacturer_Name"; Value = "Diodes Inc."; VariantName = "[No Variations]"
Add component (AddParameter): Name = "Manufacturer_Part_Number"; Value = "BAT54SQ-7-F"; VariantName = "[No Variations]"
Add component (AddParameter): Name = "Mouser Part Number"; Value = "621-BAT54SQ-7-F"; VariantName = "[No Variations]"
Add component (AddParameter): Name = "Mouser Price/Stock"; Value = "https://www.mouser.co.uk/ProductDetail/Diodes-Incorporated/BAT54SQ-7-F/?qs=vdQOMtKMWaAKaYcjx11stw%3D%3D"; VariantName = "[No Variations]"
Added Component: Designator=D10(SOT96P240X110-3N)
Add component (AddParameter): Name = "Arrow Part Number"; Value = "BAT54SQ-7-F"; VariantName = "[No Variations]"
Add component (AddParameter): Name = "Arrow Price/Stock"; Value = "https://www.arrow.com/en/products/bat54sq-7-f/diodes-incorporated"; VariantName = "[No Variations]"
Add component (AddParameter): Name = "Datasheet Link"; Value = "https://www.arrow.com/en/products/bat54sq-7-f/diodes-incorporated"; VariantName = "[No Variations]"
Add component (AddParameter): Name = "Height"; Value = "1.1mm"; VariantName = "[No Variations]"
Add component (AddParameter): Name = "Manufacturer_Name"; Value = "Diodes Inc."; VariantName = "[No Variations]"
Add component (AddParameter): Name = "Manufacturer_Part_Number"; Value = "BAT54SQ-7-F"; VariantName = "[No Variations]"
Add component (AddParameter): Name = "Mouser Part Number"; Value = "621-BAT54SQ-7-F"; VariantName = "[No Variations]"
Add component (AddParameter): Name = "Mouser Price/Stock"; Value = "https://www.mouser.co.uk/ProductDetail/Diodes-Incorporated/BAT54SQ-7-F/?qs=vdQOMtKMWaAKaYcjx11stw%3D%3D"; VariantName = "[No Variations]"
Added Component: Designator=R7(RESC6332X70N)
Add component (AddParameter): Name = "Arrow Part Number"; Value = ""; VariantName = "[No Variations]"
Add component (AddParameter): Name = "Arrow Price/Stock"; Value = ""; VariantName = "[No Variations]"
Add component (AddParameter): Name = "Datasheet Link"; Value = "http://www.vishay.com/docs/20035/dcrcwe3.pdf"; VariantName = "[No Variations]"
Add component (AddParameter): Name = "Height"; Value = "0.7mm"; VariantName = "[No Variations]"
Add component (AddParameter): Name = "Manufacturer_Name"; Value = "Vishay"; VariantName = "[No Variations]"
Add component (AddParameter): Name = "Manufacturer_Part_Number"; Value = "CRCW25128K20JNEG"; VariantName = "[No Variations]"
Add component (AddParameter): Name = "Mouser Part Number"; Value = "71-CRCW2512J-8.2K-E3"; VariantName = "[No Variations]"
Add component (AddParameter): Name = "Mouser Price/Stock"; Value = "http://www.mouser.com/Search/ProductDetail.aspx?qs=Zz5LZibkobV4P8RKYh%2frLA%3d%3d"; VariantName = "[No Variations]"
Added Component: Designator=R8(RESC6332X70N)
Add component (AddParameter): Name = "Arrow Part Number"; Value = ""; VariantName = "[No Variations]"
Add component (AddParameter): Name = "Arrow Price/Stock"; Value = ""; VariantName = "[No Variations]"
Add component (AddParameter): Name = "Datasheet Link"; Value = "http://www.vishay.com/docs/20035/dcrcwe3.pdf"; VariantName = "[No Variations]"
Add component (AddParameter): Name = "Height"; Value = "0.7mm"; VariantName = "[No Variations]"
Add component (AddParameter): Name = "Manufacturer_Name"; Value = "Vishay"; VariantName = "[No Variations]"
Add component (AddParameter): Name = "Manufacturer_Part_Number"; Value = "CRCW25128K20JNEG"; VariantName = "[No Variations]"
Add component (AddParameter): Name = "Mouser Part Number"; Value = "71-CRCW2512J-8.2K-E3"; VariantName = "[No Variations]"
Add component (AddParameter): Name = "Mouser Price/Stock"; Value = "http://www.mouser.com/Search/ProductDetail.aspx?qs=Zz5LZibkobV4P8RKYh%2frLA%3d%3d"; VariantName = "[No Variations]"
Added Component: Designator=R9(RESC6332X70N)
Add component (AddParameter): Name = "Arrow Part Number"; Value = ""; VariantName = "[No Variations]"
Add component (AddParameter): Name = "Arrow Price/Stock"; Value = ""; VariantName = "[No Variations]"
Add component (AddParameter): Name = "Datasheet Link"; Value = "http://www.vishay.com/docs/20035/dcrcwe3.pdf"; VariantName = "[No Variations]"
Add component (AddParameter): Name = "Height"; Value = "0.7mm"; VariantName = "[No Variations]"
Add component (AddParameter): Name = "Manufacturer_Name"; Value = "Vishay"; VariantName = "[No Variations]"
Add component (AddParameter): Name = "Manufacturer_Part_Number"; Value = "CRCW25128K20JNEG"; VariantName = "[No Variations]"
Add component (AddParameter): Name = "Mouser Part Number"; Value = "71-CRCW2512J-8.2K-E3"; VariantName = "[No Variations]"
Add component (AddParameter): Name = "Mouser Price/Stock"; Value = "http://www.mouser.com/Search/ProductDetail.aspx?qs=Zz5LZibkobV4P8RKYh%2frLA%3d%3d"; VariantName = "[No Variations]"
Added Component: Designator=R10(RESC6332X70N)
Add component (AddParameter): Name = "Arrow Part Number"; Value = ""; VariantName = "[No Variations]"
Add component (AddParameter): Name = "Arrow Price/Stock"; Value = ""; VariantName = "[No Variations]"
Add component (AddParameter): Name = "Datasheet Link"; Value = "http://www.vishay.com/docs/20035/dcrcwe3.pdf"; VariantName = "[No Variations]"
Add component (AddParameter): Name = "Height"; Value = "0.7mm"; VariantName = "[No Variations]"
Add component (AddParameter): Name = "Manufacturer_Name"; Value = "Vishay"; VariantName = "[No Variations]"
Add component (AddParameter): Name = "Manufacturer_Part_Number"; Value = "CRCW25128K20JNEG"; VariantName = "[No Variations]"
Add component (AddParameter): Name = "Mouser Part Number"; Value = "71-CRCW2512J-8.2K-E3"; VariantName = "[No Variations]"
Add component (AddParameter): Name = "Mouser Price/Stock"; Value = "http://www.mouser.com/Search/ProductDetail.aspx?qs=Zz5LZibkobV4P8RKYh%2frLA%3d%3d"; VariantName = "[No Variations]"
Added Pin To Net: NetName=AGND Pin=C35-1
Added Pin To Net: NetName=NetC?_2 Pin=C35-2
Added Pin To Net: NetName=AGND Pin=C36-1
Added Pin To Net: NetName=NetC?_2 Pin=C36-2
Added Pin To Net: NetName=PGND Pin=D9-1
Added Pin To Net: NetName=3V3 Pin=D9-2
Added Pin To Net: NetName=NetC?_2 Pin=D9-3
Added Pin To Net: NetName=PGND Pin=D10-1
Added Pin To Net: NetName=3V3 Pin=D10-2
Added Pin To Net: NetName=NetC?_2 Pin=D10-3
Added Pin To Net: NetName=NetC22_2 Pin=R7-1
Added Pin To Net: NetName=PGND Pin=R7-2
Added Pin To Net: NetName=NetC22_2 Pin=R8-1
Added Pin To Net: NetName=PGND Pin=R8-2
Added Pin To Net: NetName=NetC23_2 Pin=R9-1
Added Pin To Net: NetName=PGND Pin=R9-2
Added Pin To Net: NetName=NetC23_2 Pin=R10-1
Added Pin To Net: NetName=PGND Pin=R10-2
Change Net Name : Old Net Name=NetC?_2 New Net Name=NetC35_2
Change Net Name : Old Net Name=NetC?_2 New Net Name=NetC36_2
Added Member To Class: ClassName=RcMPPT-DCDC Member=Component C35 06033A251JAT2A
Added Member To Class: ClassName=RcMPPT-DCDC Member=Component C36 06033A251JAT2A
Added Member To Class: ClassName=RcMPPT-DCDC Member=Component D9 BAT54SQ-7-F
Added Member To Class: ClassName=RcMPPT-DCDC Member=Component D10 BAT54SQ-7-F
Added Member To Class: ClassName=RcMPPT-DCDC Member=Component R7 CRCW25128K20JNEG
Added Member To Class: ClassName=RcMPPT-DCDC Member=Component R8 CRCW25128K20JNEG
Added Member To Class: ClassName=RcMPPT-DCDC Member=Component R9 CRCW25128K20JNEG
Added Member To Class: ClassName=RcMPPT-DCDC Member=Component R10 CRCW25128K20JNEG
