Removed Pin From Net: NetName=VCC Pin=P1-1
Removed Pin From Net: NetName=VCC Pin=P1-1
Removed Pin From Net: NetName=VCC Pin=P1-1
Removed Pin From Net: NetName=VCC Pin=P1-1
Removed Pin From Net: NetName=VCC Pin=P1-1
Removed Pin From Net: NetName=VCC Pin=P1-1
Removed Pin From Net: NetName=VCC Pin=P1-1
Removed Pin From Net: NetName=VCC Pin=P1-1
Removed Pin From Net: NetName=VCC Pin=P1-1
Removed Pin From Net: NetName=VCC Pin=P1-1
Removed Pin From Net: NetName=VCC Pin=P1-1
Removed Pin From Net: NetName=VCC Pin=P1-1
Removed Pin From Net: NetName=VCC Pin=P1-1
Removed Pin From Net: NetName=VCC Pin=P1-1
Removed Pin From Net: NetName=Vout Pin=P2-1
Removed Pin From Net: NetName=Vout Pin=P2-1
Removed Pin From Net: NetName=Vout Pin=P2-1
Removed Pin From Net: NetName=Vout Pin=P2-1
Removed Pin From Net: NetName=Vout Pin=P2-1
Removed Pin From Net: NetName=Vout Pin=P2-1
Removed Pin From Net: NetName=Vout Pin=P2-1
Removed Pin From Net: NetName=Vout Pin=P2-1
Removed Pin From Net: NetName=Vout Pin=P2-1
Removed Pin From Net: NetName=Vout Pin=P2-1
Removed Pin From Net: NetName=Vout Pin=P2-1
Removed Pin From Net: NetName=Vout Pin=P2-1
Removed Pin From Net: NetName=Vout Pin=P2-1
Removed Pin From Net: NetName=Vout Pin=P2-1
Added Net: Name=NetIC?_4
Added Net: Name=NetIC?_5
Added Pin To Net: NetName=NetP1_1 Pin=P1-1
Added Pin To Net: NetName=NetP1_1 Pin=P1-1
Added Pin To Net: NetName=NetP1_1 Pin=P1-1
Added Pin To Net: NetName=NetP1_1 Pin=P1-1
Added Pin To Net: NetName=NetP1_1 Pin=P1-1
Added Pin To Net: NetName=NetP1_1 Pin=P1-1
Added Pin To Net: NetName=NetP1_1 Pin=P1-1
Added Pin To Net: NetName=NetP1_1 Pin=P1-1
Added Pin To Net: NetName=NetP1_1 Pin=P1-1
Added Pin To Net: NetName=NetP1_1 Pin=P1-1
Added Pin To Net: NetName=NetP1_1 Pin=P1-1
Added Pin To Net: NetName=NetP1_1 Pin=P1-1
Added Pin To Net: NetName=NetP1_1 Pin=P1-1
Added Pin To Net: NetName=NetP1_1 Pin=P1-1
Added Net: Name=NetP1_1
Added Pin To Net: NetName=NetP2_1 Pin=P2-1
Added Pin To Net: NetName=NetP2_1 Pin=P2-1
Added Pin To Net: NetName=NetP2_1 Pin=P2-1
Added Pin To Net: NetName=NetP2_1 Pin=P2-1
Added Pin To Net: NetName=NetP2_1 Pin=P2-1
Added Pin To Net: NetName=NetP2_1 Pin=P2-1
Added Pin To Net: NetName=NetP2_1 Pin=P2-1
Added Pin To Net: NetName=NetP2_1 Pin=P2-1
Added Pin To Net: NetName=NetP2_1 Pin=P2-1
Added Pin To Net: NetName=NetP2_1 Pin=P2-1
Added Pin To Net: NetName=NetP2_1 Pin=P2-1
Added Pin To Net: NetName=NetP2_1 Pin=P2-1
Added Pin To Net: NetName=NetP2_1 Pin=P2-1
Added Pin To Net: NetName=NetP2_1 Pin=P2-1
Added Net: Name=NetP2_1
Added Room: Name=RcMPPT-DCDC
Added Room: Name=RcMPPT-MCU
Added Room: Name=RcMPPT-Power_Module
