Change Net Name : Old Net Name=NetC7_1 New Net Name=STM32-VDDA
Change Net Name : Old Net Name=NetC12_1 New Net Name=STM32-NRST
Change Net Name : Old Net Name=NetC13_1 New Net Name=BUCK-BOOT
Change Net Name : Old Net Name=NetC13_2 New Net Name=BUCK-TS
Change Net Name : Old Net Name=NetC14_1 New Net Name=BOOST-BOOT
Change Net Name : Old Net Name=NetC14_2 New Net Name=BOOST-TS
Change Net Name : Old Net Name=NetC35_2 New Net Name=STM32-ADC4
Change Net Name : Old Net Name=NetC36_2 New Net Name=STM32-ADC1
Change Net Name : Old Net Name=NetC37_2 New Net Name=STM32-ADC3
Change Net Name : Old Net Name=NetC38_2 New Net Name=STM32-ADC2
Change Net Name : Old Net Name=NetCL1_2 New Net Name=STM32-XC_IN
Change Net Name : Old Net Name=NetCL2_2 New Net Name=STM32-XC_OUT
Change Net Name : Old Net Name=NetIC4_1 New Net Name=BUCK-TIN
Change Net Name : Old Net Name=NetIC4_2 New Net Name=BUCK-BIN
Change Net Name : Old Net Name=NetIC4_4 New Net Name=BUCK-BG
Change Net Name : Old Net Name=NetIC4_7 New Net Name=BUCK-TG
Change Net Name : Old Net Name=NetIC5_1 New Net Name=BOOST-TIN
Change Net Name : Old Net Name=NetIC5_2 New Net Name=BOOST-BIN
Change Net Name : Old Net Name=NetIC5_4 New Net Name=BOOST-BG
Change Net Name : Old Net Name=NetIC5_7 New Net Name=BOOST-TG
Change Net Name : Old Net Name=NetIC11_2 New Net Name=STM32-CAN-TRCV-TX
Change Net Name : Old Net Name=NetIC11_3 New Net Name=STM32-CAN-TRCV-RX
Change Net Name : Old Net Name=NetJ1_2 New Net Name=STM32-SWDIO
Change Net Name : Old Net Name=NetJ1_4 New Net Name=STM32-SWCLK
Change Net Name : Old Net Name=NetJ1_6 New Net Name=STM32-SWO
Change Net Name : Old Net Name=NetJ4_1 New Net Name=STM32-BMS-ALERT
Change Net Name : Old Net Name=NetJ4_2 New Net Name=STM32-BMS-DFETOFF
Change Net Name : Old Net Name=NetJ4_3 New Net Name=STM32-BMS-CFETOFF
Change Net Name : Old Net Name=NetJ4_4 New Net Name=STM32-BMS-RST-SHUT
Change Net Name : Old Net Name=NetJ4_5 New Net Name=STM32-BMS-I2C-SCL
Change Net Name : Old Net Name=NetJ4_6 New Net Name=STM32-BMS-I2C-SDA
Change Net Name : Old Net Name=NetJ5_1 New Net Name=STM32-I2C-CON-SCL
Change Net Name : Old Net Name=NetJ5_2 New Net Name=STM32-I2C-CON-SDA
Change Net Name : Old Net Name=NetJ7_2 New Net Name=STM32-SPI-CON-CS
Change Net Name : Old Net Name=NetJ7_3 New Net Name=STM32-SPI-CON-MISO
Change Net Name : Old Net Name=NetJ7_4 New Net Name=STM32-SPI-CON-MOSI
Change Net Name : Old Net Name=NetJ7_5 New Net Name=STM32-SPI-CON-SCK
Change Net Name : Old Net Name=NetJ10_2 New Net Name=STM32-UART-CON-RX
Change Net Name : Old Net Name=NetJ10_3 New Net Name=STM32-UART-CON-TX
Change Net Name : Old Net Name=NetJ12_2 New Net Name=STM32-RC-CON-2
Change Net Name : Old Net Name=NetJ12_3 New Net Name=STM32-RC-CON-1
Change Net Name : Old Net Name=NetMCU1_26 New Net Name=STM32-LED2
Change Net Name : Old Net Name=NetMCU1_30 New Net Name=STM32-LED1
Change Net Name : Old Net Name=NetMCU1_33 New Net Name=STM32-LED3
Change Net Name : Old Net Name=NetMCU1_36 New Net Name=STM32-LED4
Change Net Name : Old Net Name=NetMCU1_57 New Net Name=STM32-SW1-2
Change Net Name : Old Net Name=NetMCU1_61 New Net Name=STM32-BOOT
