Added Component: Designator=C13(CAPC3225X280N)
Add component (AddParameter): Name = "Arrow Part Number"; Value = "CL32B106KMVNNWE"; VariantName = "[No Variations]"
Add component (AddParameter): Name = "Arrow Price/Stock"; Value = "https://www.arrow.com/en/products/cl32b106kmvnnwe/samsung-electro-mechanics"; VariantName = "[No Variations]"
Add component (AddParameter): Name = "Datasheet Link"; Value = "https://www.arrow.com/en/products/cl32b106kmvnnwe/samsung-electro-mechanics"; VariantName = "[No Variations]"
Add component (AddParameter): Name = "Height"; Value = "2.8mm"; VariantName = "[No Variations]"
Add component (AddParameter): Name = "Manufacturer_Name"; Value = "Samsung Electro-Mechanics"; VariantName = "[No Variations]"
Add component (AddParameter): Name = "Manufacturer_Part_Number"; Value = "CL32B106KMVNNWE"; VariantName = "[No Variations]"
Add component (AddParameter): Name = "Mouser Part Number"; Value = "N/A"; VariantName = "[No Variations]"
Add component (AddParameter): Name = "Mouser Price/Stock"; Value = "https://www.mouser.co.uk/ProductDetail/Samsung-Electro-Mechanics/CL32B106KMVNNWE?qs=xZ%2FP%252Ba9zWqaEMBbSgKy8gQ%3D%3D"; VariantName = "[No Variations]"
Added Component: Designator=C14(CAPC3225X280N)
Add component (AddParameter): Name = "Arrow Part Number"; Value = "CL32B106KMVNNWE"; VariantName = "[No Variations]"
Add component (AddParameter): Name = "Arrow Price/Stock"; Value = "https://www.arrow.com/en/products/cl32b106kmvnnwe/samsung-electro-mechanics"; VariantName = "[No Variations]"
Add component (AddParameter): Name = "Datasheet Link"; Value = "https://www.arrow.com/en/products/cl32b106kmvnnwe/samsung-electro-mechanics"; VariantName = "[No Variations]"
Add component (AddParameter): Name = "Height"; Value = "2.8mm"; VariantName = "[No Variations]"
Add component (AddParameter): Name = "Manufacturer_Name"; Value = "Samsung Electro-Mechanics"; VariantName = "[No Variations]"
Add component (AddParameter): Name = "Manufacturer_Part_Number"; Value = "CL32B106KMVNNWE"; VariantName = "[No Variations]"
Add component (AddParameter): Name = "Mouser Part Number"; Value = "N/A"; VariantName = "[No Variations]"
Add component (AddParameter): Name = "Mouser Price/Stock"; Value = "https://www.mouser.co.uk/ProductDetail/Samsung-Electro-Mechanics/CL32B106KMVNNWE?qs=xZ%2FP%252Ba9zWqaEMBbSgKy8gQ%3D%3D"; VariantName = "[No Variations]"
Added Net: Name=GND
Added Pin To Net: NetName=NetC13_1 Pin=C13-1
Added Net: Name=NetC13_1
Added Pin To Net: NetName=NetC13_2 Pin=C13-2
Added Pin To Net: NetName=NetC13_2 Pin=C14-2
Added Net: Name=NetC13_2
Added Pin To Net: NetName=NetC14_1 Pin=C14-1
Added Net: Name=NetC14_1
Added Net: Name=NetIC4_1
Added Net: Name=NetIC4_2
Added Net: Name=NetIC4_4
Added Net: Name=NetIC4_7
Added Net: Name=NetIC4_8
Added Net: Name=NetIC5_1
Added Net: Name=NetIC5_2
Added Net: Name=NetIC5_4
Added Net: Name=NetIC5_7
Added Net: Name=Vout
Added Member To Class: ClassName=RcMPPT-DCDC Member=Component C13 10uF
Added Member To Class: ClassName=RcMPPT-DCDC Member=Component C14 10uF
Added Room: Name=RcMPPT-DCDC
Added Room: Name=RcMPPT-MCU
Added Room: Name=RcMPPT-Power_Module
