Removed Pin From Net: NetName=NetCL1_1 Pin=CL1-1
Removed Pin From Net: NetName=PGND Pin=CL1-2
Removed Pin From Net: NetName=NetCL2_1 Pin=CL2-1
Removed Pin From Net: NetName=PGND Pin=CL2-2
Removed Pin From Net: NetName=VCC Pin=J6-6
Removed Pin From Net: NetName=VCC Pin=J6-7
Removed Pin From Net: NetName=VCC Pin=J6-8
Removed Pin From Net: NetName=VCC Pin=J6-9
Removed Pin From Net: NetName=VCC Pin=J6-10
Removed Pin From Net: NetName=NetCL1_1 Pin=MCU1-5
Removed Pin From Net: NetName=NetCL2_1 Pin=MCU1-6
Removed Pin From Net: NetName=NetCL1_1 Pin=XC1-1
Removed Pin From Net: NetName=NetCL2_1 Pin=XC1-3
Change Component Footprint: Designator=CL1 Old Footprint=CAPC2012X88N New Footprint=CAPC1608X87N
Change Component Footprint: Designator=CL2 Old Footprint=CAPC2012X88N New Footprint=CAPC1608X87N
Change component parameters: Designator = "CL1" ("CL1"); Footprint = "CAPC2012X88N"; UniqueID = "\KXSBVZHZ" ("\KXSBVZHZ")
Change component parameters (AddParameter): Name = "Arrow Part Number"; Value = "C0603C689C5GACTU"; VariantName = "[No Variations]"
Change component parameters (AddParameter): Name = "Arrow Price/Stock"; Value = "https://www.arrow.com/en/products/c0603c689c5gactu/kemet-corporation"; VariantName = "[No Variations]"
Change component parameters (AddParameter): Name = "Datasheet Link"; Value = "http://docs-emea.rs-online.com/webdocs/116e/0900766b8116eaf8.pdf"; VariantName = "[No Variations]"
Change component parameters (AddParameter): Name = "Height"; Value = "0.87mm"; VariantName = "[No Variations]"
Change component parameters (AddParameter): Name = "Manufacturer_Name"; Value = "Kemet"; VariantName = "[No Variations]"
Change component parameters (AddParameter): Name = "Manufacturer_Part_Number"; Value = "C0603C689C5GACTU"; VariantName = "[No Variations]"
Change component parameters (AddParameter): Name = "Mouser Part Number"; Value = "80-C0603C689C5G"; VariantName = "[No Variations]"
Change component parameters (AddParameter): Name = "Mouser Price/Stock"; Value = "https://www.mouser.com/Search/Refine.aspx?Keyword=80-C0603C689C5G"; VariantName = "[No Variations]"
Change component parameters: Designator = "CL2" ("CL2"); Footprint = "CAPC2012X88N"; UniqueID = "\EWAMSUSC" ("\EWAMSUSC")
Change component parameters (AddParameter): Name = "Arrow Part Number"; Value = "C0603C689C5GACTU"; VariantName = "[No Variations]"
Change component parameters (AddParameter): Name = "Arrow Price/Stock"; Value = "https://www.arrow.com/en/products/c0603c689c5gactu/kemet-corporation"; VariantName = "[No Variations]"
Change component parameters (AddParameter): Name = "Datasheet Link"; Value = "http://docs-emea.rs-online.com/webdocs/116e/0900766b8116eaf8.pdf"; VariantName = "[No Variations]"
Change component parameters (AddParameter): Name = "Height"; Value = "0.87mm"; VariantName = "[No Variations]"
Change component parameters (AddParameter): Name = "Manufacturer_Name"; Value = "Kemet"; VariantName = "[No Variations]"
Change component parameters (AddParameter): Name = "Manufacturer_Part_Number"; Value = "C0603C689C5GACTU"; VariantName = "[No Variations]"
Change component parameters (AddParameter): Name = "Mouser Part Number"; Value = "80-C0603C689C5G"; VariantName = "[No Variations]"
Change component parameters (AddParameter): Name = "Mouser Price/Stock"; Value = "https://www.mouser.com/Search/Refine.aspx?Keyword=80-C0603C689C5G"; VariantName = "[No Variations]"
Added Pin To Net: NetName=PGND Pin=CL1-1
Added Pin To Net: NetName=NetCL2_1 Pin=CL1-2
Added Pin To Net: NetName=PGND Pin=CL2-1
Added Pin To Net: NetName=NetCL1_1 Pin=CL2-2
Added Pin To Net: NetName=NetCL2_1 Pin=MCU1-5
Added Pin To Net: NetName=NetCL1_1 Pin=MCU1-6
Added Pin To Net: NetName=NetCL2_1 Pin=XC1-1
Added Pin To Net: NetName=NetCL1_1 Pin=XC1-3
Change Net Name : Old Net Name=NetCL1_1 New Net Name=NetCL2_2
Change Net Name : Old Net Name=NetCL2_1 New Net Name=NetCL1_2
Added Room: Name=RcMPPT-DCDC
Added Room: Name=RcMPPT-MCU
Added Room: Name=RcMPPT-Power_Module
