Added Component: Designator=IC4(SOP65P490X110-9N)
Add component (AddParameter): Name = "Arrow Part Number"; Value = "LTC4444EMS8E-5#PBF"; VariantName = "[No Variations]"
Add component (AddParameter): Name = "Arrow Price/Stock"; Value = "https://www.arrow.com/en/products/ltc4444ems8e-5pbf/linear-technology"; VariantName = "[No Variations]"
Add component (AddParameter): Name = "Datasheet Link"; Value = "http://www.linear.com/docs/26366"; VariantName = "[No Variations]"
Add component (AddParameter): Name = "Height"; Value = "1.1mm"; VariantName = "[No Variations]"
Add component (AddParameter): Name = "Manufacturer_Name"; Value = "Linear Technology"; VariantName = "[No Variations]"
Add component (AddParameter): Name = "Manufacturer_Part_Number"; Value = "LTC4444EMS8E-5#PBF"; VariantName = "[No Variations]"
Add component (AddParameter): Name = "Mouser Part Number"; Value = "584-C4444EMS8E-5PBF"; VariantName = "[No Variations]"
Add component (AddParameter): Name = "Mouser Price/Stock"; Value = "https://www.mouser.com/Search/Refine.aspx?Keyword=584-C4444EMS8E-5PBF"; VariantName = "[No Variations]"
Added Component: Designator=IC5(SOP65P490X110-9N)
Add component (AddParameter): Name = "Arrow Part Number"; Value = "LTC4444EMS8E-5#PBF"; VariantName = "[No Variations]"
Add component (AddParameter): Name = "Arrow Price/Stock"; Value = "https://www.arrow.com/en/products/ltc4444ems8e-5pbf/linear-technology"; VariantName = "[No Variations]"
Add component (AddParameter): Name = "Datasheet Link"; Value = "http://www.linear.com/docs/26366"; VariantName = "[No Variations]"
Add component (AddParameter): Name = "Height"; Value = "1.1mm"; VariantName = "[No Variations]"
Add component (AddParameter): Name = "Manufacturer_Name"; Value = "Linear Technology"; VariantName = "[No Variations]"
Add component (AddParameter): Name = "Manufacturer_Part_Number"; Value = "LTC4444EMS8E-5#PBF"; VariantName = "[No Variations]"
Add component (AddParameter): Name = "Mouser Part Number"; Value = "584-C4444EMS8E-5PBF"; VariantName = "[No Variations]"
Add component (AddParameter): Name = "Mouser Price/Stock"; Value = "https://www.mouser.com/Search/Refine.aspx?Keyword=584-C4444EMS8E-5PBF"; VariantName = "[No Variations]"
Added Component: Designator=Q1(IPD90N10S4L06ATMA1)
Add component (AddParameter): Name = "Arrow Part Number"; Value = "IPD90N10S4L06ATMA1"; VariantName = "[No Variations]"
Add component (AddParameter): Name = "Arrow Price/Stock"; Value = "https://www.arrow.com/en/products/ipd90n10s4l06atma1/infineon-technologies-ag"; VariantName = "[No Variations]"
Add component (AddParameter): Name = "Datasheet Link"; Value = "https://www.infineon.com/dgdl/Infineon-IPD90N10S4L_06-DS-v01_00-en.pdf?fileId=db3a3043372d5cc80137500063630512"; VariantName = "[No Variations]"
Add component (AddParameter): Name = "Height"; Value = "2mm"; VariantName = "[No Variations]"
Add component (AddParameter): Name = "Manufacturer_Name"; Value = "Infineon"; VariantName = "[No Variations]"
Add component (AddParameter): Name = "Manufacturer_Part_Number"; Value = "IPD90N10S4L06ATMA1"; VariantName = "[No Variations]"
Add component (AddParameter): Name = "Mouser Part Number"; Value = "726-IPD90N10S4L06ATM"; VariantName = "[No Variations]"
Add component (AddParameter): Name = "Mouser Price/Stock"; Value = "https://www.mouser.co.uk/ProductDetail/Infineon-Technologies/IPD90N10S4L06ATMA1?qs=LxJ0xX%2FWJR62lwU%2FrihEDA%3D%3D"; VariantName = "[No Variations]"
Added Component: Designator=Q2(IPD90N10S4L06ATMA1)
Add component (AddParameter): Name = "Arrow Part Number"; Value = "IPD90N10S4L06ATMA1"; VariantName = "[No Variations]"
Add component (AddParameter): Name = "Arrow Price/Stock"; Value = "https://www.arrow.com/en/products/ipd90n10s4l06atma1/infineon-technologies-ag"; VariantName = "[No Variations]"
Add component (AddParameter): Name = "Datasheet Link"; Value = "https://www.infineon.com/dgdl/Infineon-IPD90N10S4L_06-DS-v01_00-en.pdf?fileId=db3a3043372d5cc80137500063630512"; VariantName = "[No Variations]"
Add component (AddParameter): Name = "Height"; Value = "2mm"; VariantName = "[No Variations]"
Add component (AddParameter): Name = "Manufacturer_Name"; Value = "Infineon"; VariantName = "[No Variations]"
Add component (AddParameter): Name = "Manufacturer_Part_Number"; Value = "IPD90N10S4L06ATMA1"; VariantName = "[No Variations]"
Add component (AddParameter): Name = "Mouser Part Number"; Value = "726-IPD90N10S4L06ATM"; VariantName = "[No Variations]"
Add component (AddParameter): Name = "Mouser Price/Stock"; Value = "https://www.mouser.co.uk/ProductDetail/Infineon-Technologies/IPD90N10S4L06ATMA1?qs=LxJ0xX%2FWJR62lwU%2FrihEDA%3D%3D"; VariantName = "[No Variations]"
Added Component: Designator=Q3(IPD90N10S4L06ATMA1)
Add component (AddParameter): Name = "Arrow Part Number"; Value = "IPD90N10S4L06ATMA1"; VariantName = "[No Variations]"
Add component (AddParameter): Name = "Arrow Price/Stock"; Value = "https://www.arrow.com/en/products/ipd90n10s4l06atma1/infineon-technologies-ag"; VariantName = "[No Variations]"
Add component (AddParameter): Name = "Datasheet Link"; Value = "https://www.infineon.com/dgdl/Infineon-IPD90N10S4L_06-DS-v01_00-en.pdf?fileId=db3a3043372d5cc80137500063630512"; VariantName = "[No Variations]"
Add component (AddParameter): Name = "Height"; Value = "2mm"; VariantName = "[No Variations]"
Add component (AddParameter): Name = "Manufacturer_Name"; Value = "Infineon"; VariantName = "[No Variations]"
Add component (AddParameter): Name = "Manufacturer_Part_Number"; Value = "IPD90N10S4L06ATMA1"; VariantName = "[No Variations]"
Add component (AddParameter): Name = "Mouser Part Number"; Value = "726-IPD90N10S4L06ATM"; VariantName = "[No Variations]"
Add component (AddParameter): Name = "Mouser Price/Stock"; Value = "https://www.mouser.co.uk/ProductDetail/Infineon-Technologies/IPD90N10S4L06ATMA1?qs=LxJ0xX%2FWJR62lwU%2FrihEDA%3D%3D"; VariantName = "[No Variations]"
Added Component: Designator=Q4(IPD90N10S4L06ATMA1)
Add component (AddParameter): Name = "Arrow Part Number"; Value = "IPD90N10S4L06ATMA1"; VariantName = "[No Variations]"
Add component (AddParameter): Name = "Arrow Price/Stock"; Value = "https://www.arrow.com/en/products/ipd90n10s4l06atma1/infineon-technologies-ag"; VariantName = "[No Variations]"
Add component (AddParameter): Name = "Datasheet Link"; Value = "https://www.infineon.com/dgdl/Infineon-IPD90N10S4L_06-DS-v01_00-en.pdf?fileId=db3a3043372d5cc80137500063630512"; VariantName = "[No Variations]"
Add component (AddParameter): Name = "Height"; Value = "2mm"; VariantName = "[No Variations]"
Add component (AddParameter): Name = "Manufacturer_Name"; Value = "Infineon"; VariantName = "[No Variations]"
Add component (AddParameter): Name = "Manufacturer_Part_Number"; Value = "IPD90N10S4L06ATMA1"; VariantName = "[No Variations]"
Add component (AddParameter): Name = "Mouser Part Number"; Value = "726-IPD90N10S4L06ATM"; VariantName = "[No Variations]"
Add component (AddParameter): Name = "Mouser Price/Stock"; Value = "https://www.mouser.co.uk/ProductDetail/Infineon-Technologies/IPD90N10S4L06ATMA1?qs=LxJ0xX%2FWJR62lwU%2FrihEDA%3D%3D"; VariantName = "[No Variations]"
Added Component: Designator=Q5(IPD90N10S4L06ATMA1)
Add component (AddParameter): Name = "Arrow Part Number"; Value = "IPD90N10S4L06ATMA1"; VariantName = "[No Variations]"
Add component (AddParameter): Name = "Arrow Price/Stock"; Value = "https://www.arrow.com/en/products/ipd90n10s4l06atma1/infineon-technologies-ag"; VariantName = "[No Variations]"
Add component (AddParameter): Name = "Datasheet Link"; Value = "https://www.infineon.com/dgdl/Infineon-IPD90N10S4L_06-DS-v01_00-en.pdf?fileId=db3a3043372d5cc80137500063630512"; VariantName = "[No Variations]"
Add component (AddParameter): Name = "Height"; Value = "2mm"; VariantName = "[No Variations]"
Add component (AddParameter): Name = "Manufacturer_Name"; Value = "Infineon"; VariantName = "[No Variations]"
Add component (AddParameter): Name = "Manufacturer_Part_Number"; Value = "IPD90N10S4L06ATMA1"; VariantName = "[No Variations]"
Add component (AddParameter): Name = "Mouser Part Number"; Value = "726-IPD90N10S4L06ATM"; VariantName = "[No Variations]"
Add component (AddParameter): Name = "Mouser Price/Stock"; Value = "https://www.mouser.co.uk/ProductDetail/Infineon-Technologies/IPD90N10S4L06ATMA1?qs=LxJ0xX%2FWJR62lwU%2FrihEDA%3D%3D"; VariantName = "[No Variations]"
Added Component: Designator=Q6(IPD90N10S4L06ATMA1)
Add component (AddParameter): Name = "Arrow Part Number"; Value = "IPD90N10S4L06ATMA1"; VariantName = "[No Variations]"
Add component (AddParameter): Name = "Arrow Price/Stock"; Value = "https://www.arrow.com/en/products/ipd90n10s4l06atma1/infineon-technologies-ag"; VariantName = "[No Variations]"
Add component (AddParameter): Name = "Datasheet Link"; Value = "https://www.infineon.com/dgdl/Infineon-IPD90N10S4L_06-DS-v01_00-en.pdf?fileId=db3a3043372d5cc80137500063630512"; VariantName = "[No Variations]"
Add component (AddParameter): Name = "Height"; Value = "2mm"; VariantName = "[No Variations]"
Add component (AddParameter): Name = "Manufacturer_Name"; Value = "Infineon"; VariantName = "[No Variations]"
Add component (AddParameter): Name = "Manufacturer_Part_Number"; Value = "IPD90N10S4L06ATMA1"; VariantName = "[No Variations]"
Add component (AddParameter): Name = "Mouser Part Number"; Value = "726-IPD90N10S4L06ATM"; VariantName = "[No Variations]"
Add component (AddParameter): Name = "Mouser Price/Stock"; Value = "https://www.mouser.co.uk/ProductDetail/Infineon-Technologies/IPD90N10S4L06ATMA1?qs=LxJ0xX%2FWJR62lwU%2FrihEDA%3D%3D"; VariantName = "[No Variations]"
Added Component: Designator=Q7(IPD90N10S4L06ATMA1)
Add component (AddParameter): Name = "Arrow Part Number"; Value = "IPD90N10S4L06ATMA1"; VariantName = "[No Variations]"
Add component (AddParameter): Name = "Arrow Price/Stock"; Value = "https://www.arrow.com/en/products/ipd90n10s4l06atma1/infineon-technologies-ag"; VariantName = "[No Variations]"
Add component (AddParameter): Name = "Datasheet Link"; Value = "https://www.infineon.com/dgdl/Infineon-IPD90N10S4L_06-DS-v01_00-en.pdf?fileId=db3a3043372d5cc80137500063630512"; VariantName = "[No Variations]"
Add component (AddParameter): Name = "Height"; Value = "2mm"; VariantName = "[No Variations]"
Add component (AddParameter): Name = "Manufacturer_Name"; Value = "Infineon"; VariantName = "[No Variations]"
Add component (AddParameter): Name = "Manufacturer_Part_Number"; Value = "IPD90N10S4L06ATMA1"; VariantName = "[No Variations]"
Add component (AddParameter): Name = "Mouser Part Number"; Value = "726-IPD90N10S4L06ATM"; VariantName = "[No Variations]"
Add component (AddParameter): Name = "Mouser Price/Stock"; Value = "https://www.mouser.co.uk/ProductDetail/Infineon-Technologies/IPD90N10S4L06ATMA1?qs=LxJ0xX%2FWJR62lwU%2FrihEDA%3D%3D"; VariantName = "[No Variations]"
Added Component: Designator=Q8(IPD90N10S4L06ATMA1)
Add component (AddParameter): Name = "Arrow Part Number"; Value = "IPD90N10S4L06ATMA1"; VariantName = "[No Variations]"
Add component (AddParameter): Name = "Arrow Price/Stock"; Value = "https://www.arrow.com/en/products/ipd90n10s4l06atma1/infineon-technologies-ag"; VariantName = "[No Variations]"
Add component (AddParameter): Name = "Datasheet Link"; Value = "https://www.infineon.com/dgdl/Infineon-IPD90N10S4L_06-DS-v01_00-en.pdf?fileId=db3a3043372d5cc80137500063630512"; VariantName = "[No Variations]"
Add component (AddParameter): Name = "Height"; Value = "2mm"; VariantName = "[No Variations]"
Add component (AddParameter): Name = "Manufacturer_Name"; Value = "Infineon"; VariantName = "[No Variations]"
Add component (AddParameter): Name = "Manufacturer_Part_Number"; Value = "IPD90N10S4L06ATMA1"; VariantName = "[No Variations]"
Add component (AddParameter): Name = "Mouser Part Number"; Value = "726-IPD90N10S4L06ATM"; VariantName = "[No Variations]"
Add component (AddParameter): Name = "Mouser Price/Stock"; Value = "https://www.mouser.co.uk/ProductDetail/Infineon-Technologies/IPD90N10S4L06ATMA1?qs=LxJ0xX%2FWJR62lwU%2FrihEDA%3D%3D"; VariantName = "[No Variations]"
Added Pin To Net: NetName=NetIC4_1 Pin=IC4-1
Added Pin To Net: NetName=NetIC4_2 Pin=IC4-2
Added Pin To Net: NetName=+5 Pin=IC4-3
Added Pin To Net: NetName=NetIC4_4 Pin=IC4-4
Added Pin To Net: NetName=NetC13_1 Pin=IC4-6
Added Pin To Net: NetName=NetIC4_7 Pin=IC4-7
Added Pin To Net: NetName=NetIC4_8 Pin=IC4-8
Added Pin To Net: NetName=GND Pin=IC4-9
Added Pin To Net: NetName=NetIC5_1 Pin=IC5-1
Added Pin To Net: NetName=NetIC5_2 Pin=IC5-2
Added Pin To Net: NetName=+5 Pin=IC5-3
Added Pin To Net: NetName=NetIC5_4 Pin=IC5-4
Added Pin To Net: NetName=NetC14_1 Pin=IC5-6
Added Pin To Net: NetName=NetIC5_7 Pin=IC5-7
Added Pin To Net: NetName=NetC13_2 Pin=IC5-8
Added Pin To Net: NetName=GND Pin=IC5-9
Added Pin To Net: NetName=NetIC5_7 Pin=Q1-1
Added Pin To Net: NetName=Vout Pin=Q1-3
Added Pin To Net: NetName=NetC13_2 Pin=Q1-4
Added Pin To Net: NetName=NetIC4_4 Pin=Q2-1
Added Pin To Net: NetName=NetIC4_8 Pin=Q2-3
Added Pin To Net: NetName=GND Pin=Q2-4
Added Pin To Net: NetName=NetIC4_7 Pin=Q3-1
Added Pin To Net: NetName=VCC Pin=Q3-3
Added Pin To Net: NetName=NetIC4_8 Pin=Q3-4
Added Pin To Net: NetName=NetIC5_7 Pin=Q4-1
Added Pin To Net: NetName=Vout Pin=Q4-3
Added Pin To Net: NetName=NetC13_2 Pin=Q4-4
Added Pin To Net: NetName=NetIC4_7 Pin=Q5-1
Added Pin To Net: NetName=VCC Pin=Q5-3
Added Pin To Net: NetName=NetIC4_8 Pin=Q5-4
Added Pin To Net: NetName=NetIC5_4 Pin=Q6-1
Added Pin To Net: NetName=NetC13_2 Pin=Q6-3
Added Pin To Net: NetName=GND Pin=Q6-4
Added Pin To Net: NetName=NetIC4_4 Pin=Q7-1
Added Pin To Net: NetName=NetIC4_8 Pin=Q7-3
Added Pin To Net: NetName=GND Pin=Q7-4
Added Pin To Net: NetName=NetIC5_4 Pin=Q8-1
Added Pin To Net: NetName=NetC13_2 Pin=Q8-3
Added Pin To Net: NetName=GND Pin=Q8-4
Added Member To Class: ClassName=RcMPPT-DCDC Member=Component IC4 LTC4444EMS8E-5#PBF
Added Member To Class: ClassName=RcMPPT-DCDC Member=Component IC5 LTC4444EMS8E-5#PBF
Added Member To Class: ClassName=RcMPPT-DCDC Member=Component Q1 IPD90N10S4L06ATMA1
Added Member To Class: ClassName=RcMPPT-DCDC Member=Component Q2 IPD90N10S4L06ATMA1
Added Member To Class: ClassName=RcMPPT-DCDC Member=Component Q3 IPD90N10S4L06ATMA1
Added Member To Class: ClassName=RcMPPT-DCDC Member=Component Q4 IPD90N10S4L06ATMA1
Added Member To Class: ClassName=RcMPPT-DCDC Member=Component Q5 IPD90N10S4L06ATMA1
Added Member To Class: ClassName=RcMPPT-DCDC Member=Component Q6 IPD90N10S4L06ATMA1
Added Member To Class: ClassName=RcMPPT-DCDC Member=Component Q7 IPD90N10S4L06ATMA1
Added Member To Class: ClassName=RcMPPT-DCDC Member=Component Q8 IPD90N10S4L06ATMA1
