Added Component: Designator=C26(CAPAE1030X1050N)
Add component (AddParameter): Name = "Arrow Part Number"; Value = "UUX2A470MNL1GS"; VariantName = "[No Variations]"
Add component (AddParameter): Name = "Arrow Price/Stock"; Value = "https://www.arrow.com/en/products/uux2a470mnl1gs/nichicon"; VariantName = "[No Variations]"
Add component (AddParameter): Name = "Datasheet Link"; Value = "https://componentsearchengine.com/Datasheets/1/UUX2A470MNL1GS.pdf"; VariantName = "[No Variations]"
Add component (AddParameter): Name = "Height"; Value = "10.5mm"; VariantName = "[No Variations]"
Add component (AddParameter): Name = "Manufacturer_Name"; Value = "Nichicon"; VariantName = "[No Variations]"
Add component (AddParameter): Name = "Manufacturer_Part_Number"; Value = "UUX2A470MNL1GS"; VariantName = "[No Variations]"
Add component (AddParameter): Name = "Mouser Part Number"; Value = "647-UUX2A470MNL1GS"; VariantName = "[No Variations]"
Add component (AddParameter): Name = "Mouser Price/Stock"; Value = "https://www.mouser.co.uk/ProductDetail/Nichicon/UUX2A470MNL1GS?qs=jZZh9D7uMhmPZMofMKn2Fg%3D%3D"; VariantName = "[No Variations]"
Added Component: Designator=C27(CAPAE1030X1050N)
Add component (AddParameter): Name = "Arrow Part Number"; Value = "UUX2A470MNL1GS"; VariantName = "[No Variations]"
Add component (AddParameter): Name = "Arrow Price/Stock"; Value = "https://www.arrow.com/en/products/uux2a470mnl1gs/nichicon"; VariantName = "[No Variations]"
Add component (AddParameter): Name = "Datasheet Link"; Value = "https://componentsearchengine.com/Datasheets/1/UUX2A470MNL1GS.pdf"; VariantName = "[No Variations]"
Add component (AddParameter): Name = "Height"; Value = "10.5mm"; VariantName = "[No Variations]"
Add component (AddParameter): Name = "Manufacturer_Name"; Value = "Nichicon"; VariantName = "[No Variations]"
Add component (AddParameter): Name = "Manufacturer_Part_Number"; Value = "UUX2A470MNL1GS"; VariantName = "[No Variations]"
Add component (AddParameter): Name = "Mouser Part Number"; Value = "647-UUX2A470MNL1GS"; VariantName = "[No Variations]"
Add component (AddParameter): Name = "Mouser Price/Stock"; Value = "https://www.mouser.co.uk/ProductDetail/Nichicon/UUX2A470MNL1GS?qs=jZZh9D7uMhmPZMofMKn2Fg%3D%3D"; VariantName = "[No Variations]"
Added Component: Designator=C28(CAPAE1030X1050N)
Add component (AddParameter): Name = "Arrow Part Number"; Value = "UUX2A470MNL1GS"; VariantName = "[No Variations]"
Add component (AddParameter): Name = "Arrow Price/Stock"; Value = "https://www.arrow.com/en/products/uux2a470mnl1gs/nichicon"; VariantName = "[No Variations]"
Add component (AddParameter): Name = "Datasheet Link"; Value = "https://componentsearchengine.com/Datasheets/1/UUX2A470MNL1GS.pdf"; VariantName = "[No Variations]"
Add component (AddParameter): Name = "Height"; Value = "10.5mm"; VariantName = "[No Variations]"
Add component (AddParameter): Name = "Manufacturer_Name"; Value = "Nichicon"; VariantName = "[No Variations]"
Add component (AddParameter): Name = "Manufacturer_Part_Number"; Value = "UUX2A470MNL1GS"; VariantName = "[No Variations]"
Add component (AddParameter): Name = "Mouser Part Number"; Value = "647-UUX2A470MNL1GS"; VariantName = "[No Variations]"
Add component (AddParameter): Name = "Mouser Price/Stock"; Value = "https://www.mouser.co.uk/ProductDetail/Nichicon/UUX2A470MNL1GS?qs=jZZh9D7uMhmPZMofMKn2Fg%3D%3D"; VariantName = "[No Variations]"
Added Component: Designator=C29(CAPAE1030X1050N)
Add component (AddParameter): Name = "Arrow Part Number"; Value = "UUX2A470MNL1GS"; VariantName = "[No Variations]"
Add component (AddParameter): Name = "Arrow Price/Stock"; Value = "https://www.arrow.com/en/products/uux2a470mnl1gs/nichicon"; VariantName = "[No Variations]"
Add component (AddParameter): Name = "Datasheet Link"; Value = "https://componentsearchengine.com/Datasheets/1/UUX2A470MNL1GS.pdf"; VariantName = "[No Variations]"
Add component (AddParameter): Name = "Height"; Value = "10.5mm"; VariantName = "[No Variations]"
Add component (AddParameter): Name = "Manufacturer_Name"; Value = "Nichicon"; VariantName = "[No Variations]"
Add component (AddParameter): Name = "Manufacturer_Part_Number"; Value = "UUX2A470MNL1GS"; VariantName = "[No Variations]"
Add component (AddParameter): Name = "Mouser Part Number"; Value = "647-UUX2A470MNL1GS"; VariantName = "[No Variations]"
Add component (AddParameter): Name = "Mouser Price/Stock"; Value = "https://www.mouser.co.uk/ProductDetail/Nichicon/UUX2A470MNL1GS?qs=jZZh9D7uMhmPZMofMKn2Fg%3D%3D"; VariantName = "[No Variations]"
Added Pin To Net: NetName=NetC26_1 Pin=C26-1
Added Pin To Net: NetName=PGND Pin=C26-2
Added Pin To Net: NetName=NetC26_1 Pin=C27-1
Added Pin To Net: NetName=PGND Pin=C27-2
Added Pin To Net: NetName=NetC28_1 Pin=C28-1
Added Pin To Net: NetName=PGND Pin=C28-2
Added Pin To Net: NetName=NetC28_1 Pin=C29-1
Added Pin To Net: NetName=PGND Pin=C29-2
Added Member To Class: ClassName=RcMPPT-DCDC Member=Component C26 UUX2A470MNL1GS
Added Member To Class: ClassName=RcMPPT-DCDC Member=Component C27 UUX2A470MNL1GS
Added Member To Class: ClassName=RcMPPT-DCDC Member=Component C28 UUX2A470MNL1GS
Added Member To Class: ClassName=RcMPPT-DCDC Member=Component C29 UUX2A470MNL1GS
