Removed Pin From Net: NetName=NetP2_1 Pin=R?-3
Removed Pin From Net: NetName=Vout Pin=R?-4
Change Component Designator: OldDesignator=IC? NewDesignator=IC9
Change Component Designator: OldDesignator=IC? NewDesignator=IC10
Change Component Designator: OldDesignator=R? NewDesignator=R11
Change Component Designator: OldDesignator=R? NewDesignator=R12
Added Pin To Net: NetName=Vout Pin=R12-1
Added Pin To Net: NetName=NetP2_1 Pin=R12-2
Added Pin To Net: NetName=NetIC9_4 Pin=IC9-4
Added Pin To Net: NetName=NetIC9_4 Pin=R11-3
Added Net: Name=NetIC9_4
Added Pin To Net: NetName=NetIC9_5 Pin=IC9-5
Added Pin To Net: NetName=NetIC9_5 Pin=R11-4
Added Net: Name=NetIC9_5
Added Pin To Net: NetName=NetIC10_4 Pin=IC10-4
Added Pin To Net: NetName=NetIC10_4 Pin=R12-4
Added Net: Name=NetIC10_4
Added Pin To Net: NetName=NetIC10_5 Pin=IC10-5
Added Pin To Net: NetName=NetIC10_5 Pin=R12-3
Added Net: Name=NetIC10_5
Added Member To Class: ClassName=RcMPPT-DCDC Member=Component IC9 INA290A2IDCKT
Added Member To Class: ClassName=RcMPPT-DCDC Member=Component R12 WSL2726L5000FEB
Added Room: Name=RcMPPT-DCDC
Added Room: Name=RcMPPT-MCU
Added Room: Name=RcMPPT-Power_Module
