Removed Pin From Net: NetName=NetMCU1_61 Pin=R1-1
Removed Pin From Net: NetName=NetR1_2 Pin=R1-2
Change Component Footprint: Designator=R1 Old Footprint=RESC2012X60N New Footprint=RESC1608X55N
Change Component Footprint: Designator=R2 Old Footprint=RESC2012X60N New Footprint=RESC1608X55N
Change component parameters: Designator = "R1" ("R1"); Footprint = "RESC2012X60N"; UniqueID = "\GACBSQUV" ("\GACBSQUV")
Change component parameters (AddParameter): Name = "Arrow Part Number"; Value = ""; VariantName = "[No Variations]"
Change component parameters (AddParameter): Name = "Arrow Price/Stock"; Value = ""; VariantName = "[No Variations]"
Change component parameters (AddParameter): Name = "Datasheet Link"; Value = "http://www.vishay.com/docs/28705/mcx0x0xpro.pdf"; VariantName = "[No Variations]"
Change component parameters (AddParameter): Name = "Height"; Value = "0.55mm"; VariantName = "[No Variations]"
Change component parameters (AddParameter): Name = "Manufacturer_Name"; Value = "Vishay"; VariantName = "[No Variations]"
Change component parameters (AddParameter): Name = "Manufacturer_Part_Number"; Value = "MCT06030C1002FP500"; VariantName = "[No Variations]"
Change component parameters (AddParameter): Name = "Mouser Part Number"; Value = "594-MCT06030C1002FP5"; VariantName = "[No Variations]"
Change component parameters (AddParameter): Name = "Mouser Price/Stock"; Value = "https://www.mouser.co.uk/ProductDetail/Vishay-Beyschlag/MCT06030C1002FP500?qs=Wvg1umJc15zoHgIjwqoGHw%3D%3D"; VariantName = "[No Variations]"
Change component parameters: Designator = "R2" ("R2"); Footprint = "RESC2012X60N"; UniqueID = "\CNCRAWKE" ("\CNCRAWKE")
Change component parameters (AddParameter): Name = "Arrow Part Number"; Value = ""; VariantName = "[No Variations]"
Change component parameters (AddParameter): Name = "Arrow Price/Stock"; Value = ""; VariantName = "[No Variations]"
Change component parameters (AddParameter): Name = "Datasheet Link"; Value = "http://www.vishay.com/docs/28705/mcx0x0xpro.pdf"; VariantName = "[No Variations]"
Change component parameters (AddParameter): Name = "Height"; Value = "0.55mm"; VariantName = "[No Variations]"
Change component parameters (AddParameter): Name = "Manufacturer_Name"; Value = "Vishay"; VariantName = "[No Variations]"
Change component parameters (AddParameter): Name = "Manufacturer_Part_Number"; Value = "MCT06030C1002FP500"; VariantName = "[No Variations]"
Change component parameters (AddParameter): Name = "Mouser Part Number"; Value = "594-MCT06030C1002FP5"; VariantName = "[No Variations]"
Change component parameters (AddParameter): Name = "Mouser Price/Stock"; Value = "https://www.mouser.co.uk/ProductDetail/Vishay-Beyschlag/MCT06030C1002FP500?qs=Wvg1umJc15zoHgIjwqoGHw%3D%3D"; VariantName = "[No Variations]"
Added Pin To Net: NetName=NetR1_2 Pin=R1-1
Added Pin To Net: NetName=NetMCU1_61 Pin=R1-2
Change Net Name : Old Net Name=NetR1_2 New Net Name=NetR1_1
