Added Component: Designator=J?(19815841)
Add component (AddParameter): Name = "Arrow Part Number"; Value = "1981584-1"; VariantName = "[No Variations]"
Add component (AddParameter): Name = "Arrow Price/Stock"; Value = "https://www.arrow.com/en/products/1981584-1/te-connectivity"; VariantName = "[No Variations]"
Add component (AddParameter): Name = "Datasheet Link"; Value = "http://www.te.com/commerce/DocumentDelivery/DDEController?Action=showdoc&DocId=Customer+Drawing%7F1981584%7FD2%7Fpdf%7FEnglish%7FENG_CD_1981584_D2.pdf%7F1981584-1"; VariantName = "[No Variations]"
Add component (AddParameter): Name = "Height"; Value = "3mm"; VariantName = "[No Variations]"
Add component (AddParameter): Name = "Manufacturer_Name"; Value = "TE Connectivity"; VariantName = "[No Variations]"
Add component (AddParameter): Name = "Manufacturer_Part_Number"; Value = "1981584-1"; VariantName = "[No Variations]"
Add component (AddParameter): Name = "Mouser Part Number"; Value = "571-1981584-1"; VariantName = "[No Variations]"
Add component (AddParameter): Name = "Mouser Price/Stock"; Value = "https://www.mouser.co.uk/ProductDetail/TE-Connectivity/1981584-1?qs=ozkTL%2FUej0TLYxjQLPnd2Q%3D%3D"; VariantName = "[No Variations]"
Added Pin To Net: NetName=+5 Pin=J?-1
Added Pin To Net: NetName=PGND Pin=J?-5
Added Pin To Net: NetName=USB-Con-D_N Pin=IC2-1
Added Pin To Net: NetName=USB-Con-D_N Pin=J?-2
Added Net: Name=USB-Con-D_N
Added Pin To Net: NetName=USB-Con-D_P Pin=IC2-3
Added Pin To Net: NetName=USB-Con-D_P Pin=J?-3
Added Net: Name=USB-Con-D_P
Added Differential Pair: Name=USB-Con-D
Added Member To Class: ClassName=RcMPPT-MCU Member=Component J? 1981584-1
Added Rule: Name=Schematic Differential Pairs Routing
Added Rule: Name=Schematic Differential Pairs Routing_1
Added Class: Name=90
